mode: set
github.com/ereminiu/filmoteka/cmd/main.go:14.13,17.2 1 0
github.com/ereminiu/filmoteka/cmd/migrate/main.go:14.13,17.16 2 0
github.com/ereminiu/filmoteka/cmd/migrate/main.go:17.16,19.3 1 0
github.com/ereminiu/filmoteka/cmd/migrate/main.go:21.2,30.16 3 0
github.com/ereminiu/filmoteka/cmd/migrate/main.go:30.16,32.3 1 0
github.com/ereminiu/filmoteka/cmd/migrate/main.go:35.2,35.73 1 0
github.com/ereminiu/filmoteka/cmd/migrate/main.go:35.73,37.3 1 0
github.com/ereminiu/filmoteka/cmd/migrate/main.go:39.2,40.16 2 0
github.com/ereminiu/filmoteka/cmd/migrate/main.go:40.16,42.3 1 0
github.com/ereminiu/filmoteka/cmd/migrate/main.go:43.2,43.66 1 0
github.com/ereminiu/filmoteka/docs/docs.go:1049.13,1051.2 1 0
github.com/ereminiu/filmoteka/internal/config/config.go:24.48,26.20 2 0
github.com/ereminiu/filmoteka/internal/config/config.go:26.20,28.3 1 0
github.com/ereminiu/filmoteka/internal/config/config.go:28.8,28.27 1 0
github.com/ereminiu/filmoteka/internal/config/config.go:28.27,30.3 1 0
github.com/ereminiu/filmoteka/internal/config/config.go:30.8,32.3 1 0
github.com/ereminiu/filmoteka/internal/config/config.go:33.2,34.16 2 0
github.com/ereminiu/filmoteka/internal/config/config.go:34.16,36.3 1 0
github.com/ereminiu/filmoteka/internal/config/config.go:37.2,39.16 3 0
github.com/ereminiu/filmoteka/internal/config/config.go:39.16,41.3 1 0
github.com/ereminiu/filmoteka/internal/config/config.go:42.2,42.18 1 0
github.com/ereminiu/filmoteka/internal/app/app.go:14.58,20.16 3 0
github.com/ereminiu/filmoteka/internal/app/app.go:20.16,23.3 2 0
github.com/ereminiu/filmoteka/internal/app/app.go:25.2,25.40 1 0
github.com/ereminiu/filmoteka/internal/app/app.go:25.40,28.3 2 0
github.com/ereminiu/filmoteka/internal/app/app.go:30.2,32.22 2 0
github.com/ereminiu/filmoteka/internal/app/app.go:35.20,37.2 1 0
github.com/ereminiu/filmoteka/internal/app/app.go:39.39,49.2 3 0
github.com/ereminiu/filmoteka/internal/app/app.go:52.12,58.16 3 0
github.com/ereminiu/filmoteka/internal/app/app.go:58.16,60.3 1 0
github.com/ereminiu/filmoteka/internal/app/app.go:63.2,64.16 2 0
github.com/ereminiu/filmoteka/internal/app/app.go:64.16,66.3 1 0
github.com/ereminiu/filmoteka/internal/app/app.go:68.2,69.16 2 0
github.com/ereminiu/filmoteka/internal/app/app.go:69.16,71.3 1 0
github.com/ereminiu/filmoteka/internal/app/app.go:74.2,79.19 3 0
github.com/ereminiu/filmoteka/internal/app/route.go:13.73,50.2 25 0
github.com/ereminiu/filmoteka/internal/app/route.go:66.61,69.47 3 0
github.com/ereminiu/filmoteka/internal/app/route.go:69.47,73.3 3 0
github.com/ereminiu/filmoteka/internal/app/route.go:75.2,77.16 3 0
github.com/ereminiu/filmoteka/internal/app/route.go:77.16,81.3 3 0
github.com/ereminiu/filmoteka/internal/app/route.go:83.2,85.23 3 0
github.com/ereminiu/filmoteka/internal/app/route.go:88.53,89.2 0 0
github.com/ereminiu/filmoteka/internal/controller/lib/lib.go:15.51,20.2 3 0
github.com/ereminiu/filmoteka/internal/controller/lib/lib.go:28.65,38.2 2 0
github.com/ereminiu/filmoteka/internal/controller/lib/lib.go:40.57,41.108 1 0
github.com/ereminiu/filmoteka/internal/controller/lib/lib.go:41.108,42.58 1 0
github.com/ereminiu/filmoteka/internal/controller/lib/lib.go:42.58,44.4 1 0
github.com/ereminiu/filmoteka/internal/controller/lib/lib.go:45.3,45.35 1 0
github.com/ereminiu/filmoteka/internal/controller/lib/lib.go:47.2,47.16 1 0
github.com/ereminiu/filmoteka/internal/controller/lib/lib.go:47.16,49.3 1 0
github.com/ereminiu/filmoteka/internal/controller/lib/lib.go:50.2,51.9 2 0
github.com/ereminiu/filmoteka/internal/controller/lib/lib.go:51.9,53.3 1 0
github.com/ereminiu/filmoteka/internal/controller/lib/lib.go:54.2,54.44 1 0
github.com/ereminiu/filmoteka/internal/controller/lib/lib.go:57.44,58.43 1 0
github.com/ereminiu/filmoteka/internal/controller/lib/lib.go:58.43,60.3 1 0
github.com/ereminiu/filmoteka/internal/controller/lib/lib.go:61.2,61.15 1 0
github.com/ereminiu/filmoteka/internal/db/migrate.go:17.57,27.16 3 0
github.com/ereminiu/filmoteka/internal/db/migrate.go:27.16,30.3 2 0
github.com/ereminiu/filmoteka/internal/db/migrate.go:31.2,31.29 1 0
github.com/ereminiu/filmoteka/internal/db/migrate.go:34.47,35.75 1 0
github.com/ereminiu/filmoteka/internal/db/migrate.go:35.75,37.3 1 0
github.com/ereminiu/filmoteka/internal/db/migrate.go:38.2,40.28 3 0
github.com/ereminiu/filmoteka/internal/db/migrate.go:43.49,44.77 1 0
github.com/ereminiu/filmoteka/internal/db/migrate.go:44.77,46.3 1 0
github.com/ereminiu/filmoteka/internal/db/migrate.go:47.2,49.28 3 0
github.com/ereminiu/filmoteka/internal/db/migrate.go:52.55,53.79 1 0
github.com/ereminiu/filmoteka/internal/db/migrate.go:53.79,55.3 1 0
github.com/ereminiu/filmoteka/internal/db/migrate.go:56.2,58.28 3 0
github.com/ereminiu/filmoteka/internal/db/repositories.go:39.48,45.2 1 0
github.com/ereminiu/filmoteka/internal/db/mocks/mock.go:26.55,30.2 3 0
github.com/ereminiu/filmoteka/internal/db/mocks/mock.go:33.53,35.2 1 0
github.com/ereminiu/filmoteka/internal/db/mocks/mock.go:38.65,43.2 4 0
github.com/ereminiu/filmoteka/internal/db/mocks/mock.go:46.93,49.2 2 0
github.com/ereminiu/filmoteka/internal/db/mocks/mock.go:52.76,57.2 4 0
github.com/ereminiu/filmoteka/internal/db/mocks/mock.go:60.97,63.2 2 0
github.com/ereminiu/filmoteka/internal/db/mocks/mock.go:66.104,72.2 5 0
github.com/ereminiu/filmoteka/internal/db/mocks/mock.go:75.112,78.2 2 0
github.com/ereminiu/filmoteka/internal/db/mocks/mock.go:81.63,86.2 4 0
github.com/ereminiu/filmoteka/internal/db/mocks/mock.go:89.87,92.2 2 0
github.com/ereminiu/filmoteka/internal/db/mocks/mock.go:95.52,100.2 4 0
github.com/ereminiu/filmoteka/internal/db/mocks/mock.go:103.80,106.2 2 0
github.com/ereminiu/filmoteka/internal/db/mocks/mock.go:109.83,115.2 5 0
github.com/ereminiu/filmoteka/internal/db/mocks/mock.go:118.80,121.2 2 0
github.com/ereminiu/filmoteka/internal/db/mocks/mock.go:124.102,130.2 5 0
github.com/ereminiu/filmoteka/internal/db/mocks/mock.go:133.99,136.2 2 0
github.com/ereminiu/filmoteka/internal/db/mocks/mock.go:150.55,154.2 3 0
github.com/ereminiu/filmoteka/internal/db/mocks/mock.go:157.53,159.2 1 0
github.com/ereminiu/filmoteka/internal/db/mocks/mock.go:162.63,167.2 4 0
github.com/ereminiu/filmoteka/internal/db/mocks/mock.go:170.88,173.2 2 0
github.com/ereminiu/filmoteka/internal/db/mocks/mock.go:176.77,182.2 5 0
github.com/ereminiu/filmoteka/internal/db/mocks/mock.go:185.95,188.2 2 0
github.com/ereminiu/filmoteka/internal/db/mocks/mock.go:191.52,196.2 4 0
github.com/ereminiu/filmoteka/internal/db/mocks/mock.go:199.80,202.2 2 0
github.com/ereminiu/filmoteka/internal/db/mocks/mock.go:205.53,210.2 4 0
github.com/ereminiu/filmoteka/internal/db/mocks/mock.go:213.78,216.2 2 0
github.com/ereminiu/filmoteka/internal/db/mocks/mock.go:219.70,225.2 5 0
github.com/ereminiu/filmoteka/internal/db/mocks/mock.go:228.62,231.2 2 0
github.com/ereminiu/filmoteka/internal/db/mocks/mock.go:245.71,249.2 3 0
github.com/ereminiu/filmoteka/internal/db/mocks/mock.go:252.69,254.2 1 0
github.com/ereminiu/filmoteka/internal/db/mocks/mock.go:257.90,263.2 5 0
github.com/ereminiu/filmoteka/internal/db/mocks/mock.go:266.108,269.2 2 0
github.com/ereminiu/filmoteka/internal/db/mocks/mock.go:272.81,278.2 5 0
github.com/ereminiu/filmoteka/internal/db/mocks/mock.go:281.99,284.2 2 0
github.com/ereminiu/filmoteka/internal/models/actor_with_movies.go:11.70,19.2 1 0
github.com/ereminiu/filmoteka/internal/models/movie_with_actors.go:12.70,21.2 1 0
github.com/ereminiu/filmoteka/cmd/main.go:14.13,17.2 1 0
github.com/ereminiu/filmoteka/cmd/migrate/main.go:14.13,17.16 2 0
github.com/ereminiu/filmoteka/cmd/migrate/main.go:17.16,19.3 1 0
github.com/ereminiu/filmoteka/cmd/migrate/main.go:21.2,30.16 3 0
github.com/ereminiu/filmoteka/cmd/migrate/main.go:30.16,32.3 1 0
github.com/ereminiu/filmoteka/cmd/migrate/main.go:35.2,35.73 1 0
github.com/ereminiu/filmoteka/cmd/migrate/main.go:35.73,37.3 1 0
github.com/ereminiu/filmoteka/cmd/migrate/main.go:39.2,40.16 2 0
github.com/ereminiu/filmoteka/cmd/migrate/main.go:40.16,42.3 1 0
github.com/ereminiu/filmoteka/cmd/migrate/main.go:43.2,43.66 1 0
github.com/ereminiu/filmoteka/docs/docs.go:1049.13,1051.2 1 0
github.com/ereminiu/filmoteka/internal/app/app.go:14.58,20.16 3 0
github.com/ereminiu/filmoteka/internal/app/app.go:20.16,23.3 2 0
github.com/ereminiu/filmoteka/internal/app/app.go:25.2,25.40 1 0
github.com/ereminiu/filmoteka/internal/app/app.go:25.40,28.3 2 0
github.com/ereminiu/filmoteka/internal/app/app.go:30.2,32.22 2 0
github.com/ereminiu/filmoteka/internal/app/app.go:35.20,37.2 1 0
github.com/ereminiu/filmoteka/internal/app/app.go:39.39,49.2 3 0
github.com/ereminiu/filmoteka/internal/app/app.go:52.12,58.16 3 0
github.com/ereminiu/filmoteka/internal/app/app.go:58.16,60.3 1 0
github.com/ereminiu/filmoteka/internal/app/app.go:63.2,64.16 2 0
github.com/ereminiu/filmoteka/internal/app/app.go:64.16,66.3 1 0
github.com/ereminiu/filmoteka/internal/app/app.go:68.2,69.16 2 0
github.com/ereminiu/filmoteka/internal/app/app.go:69.16,71.3 1 0
github.com/ereminiu/filmoteka/internal/app/app.go:74.2,79.19 3 0
github.com/ereminiu/filmoteka/internal/app/route.go:13.73,50.2 25 0
github.com/ereminiu/filmoteka/internal/app/route.go:66.61,69.47 3 0
github.com/ereminiu/filmoteka/internal/app/route.go:69.47,73.3 3 0
github.com/ereminiu/filmoteka/internal/app/route.go:75.2,77.16 3 0
github.com/ereminiu/filmoteka/internal/app/route.go:77.16,81.3 3 0
github.com/ereminiu/filmoteka/internal/app/route.go:83.2,85.23 3 0
github.com/ereminiu/filmoteka/internal/app/route.go:88.53,89.2 0 0
github.com/ereminiu/filmoteka/internal/config/config.go:24.48,26.20 2 0
github.com/ereminiu/filmoteka/internal/config/config.go:26.20,28.3 1 0
github.com/ereminiu/filmoteka/internal/config/config.go:28.8,28.27 1 0
github.com/ereminiu/filmoteka/internal/config/config.go:28.27,30.3 1 0
github.com/ereminiu/filmoteka/internal/config/config.go:30.8,32.3 1 0
github.com/ereminiu/filmoteka/internal/config/config.go:33.2,34.16 2 0
github.com/ereminiu/filmoteka/internal/config/config.go:34.16,36.3 1 0
github.com/ereminiu/filmoteka/internal/config/config.go:37.2,39.16 3 0
github.com/ereminiu/filmoteka/internal/config/config.go:39.16,41.3 1 0
github.com/ereminiu/filmoteka/internal/config/config.go:42.2,42.18 1 0
github.com/ereminiu/filmoteka/internal/controller/actor.go:16.46,18.2 1 0
github.com/ereminiu/filmoteka/internal/controller/actor.go:32.73,36.47 3 0
github.com/ereminiu/filmoteka/internal/controller/actor.go:36.47,40.3 3 0
github.com/ereminiu/filmoteka/internal/controller/actor.go:41.2,44.16 3 0
github.com/ereminiu/filmoteka/internal/controller/actor.go:44.16,48.3 3 0
github.com/ereminiu/filmoteka/internal/controller/actor.go:50.2,56.16 3 0
github.com/ereminiu/filmoteka/internal/controller/actor.go:56.16,60.3 3 0
github.com/ereminiu/filmoteka/internal/controller/actor.go:62.2,64.23 3 0
github.com/ereminiu/filmoteka/internal/controller/actor.go:83.76,87.47 3 0
github.com/ereminiu/filmoteka/internal/controller/actor.go:87.47,91.3 3 0
github.com/ereminiu/filmoteka/internal/controller/actor.go:92.2,95.16 3 0
github.com/ereminiu/filmoteka/internal/controller/actor.go:95.16,99.3 3 0
github.com/ereminiu/filmoteka/internal/controller/actor.go:101.2,104.16 3 0
github.com/ereminiu/filmoteka/internal/controller/actor.go:104.16,108.3 3 0
github.com/ereminiu/filmoteka/internal/controller/actor.go:110.2,112.23 3 0
github.com/ereminiu/filmoteka/internal/controller/actor.go:125.77,127.16 2 0
github.com/ereminiu/filmoteka/internal/controller/actor.go:127.16,131.3 3 0
github.com/ereminiu/filmoteka/internal/controller/actor.go:133.2,134.16 2 0
github.com/ereminiu/filmoteka/internal/controller/actor.go:134.16,138.3 3 0
github.com/ereminiu/filmoteka/internal/controller/actor.go:140.2,142.23 3 0
github.com/ereminiu/filmoteka/internal/controller/auth.go:22.52,24.2 1 0
github.com/ereminiu/filmoteka/internal/controller/auth.go:46.77,50.47 3 0
github.com/ereminiu/filmoteka/internal/controller/auth.go:50.47,54.3 3 0
github.com/ereminiu/filmoteka/internal/controller/auth.go:55.2,59.16 4 0
github.com/ereminiu/filmoteka/internal/controller/auth.go:59.16,63.3 3 0
github.com/ereminiu/filmoteka/internal/controller/auth.go:65.2,67.16 3 0
github.com/ereminiu/filmoteka/internal/controller/auth.go:67.16,71.3 3 0
github.com/ereminiu/filmoteka/internal/controller/auth.go:73.2,76.16 2 0
github.com/ereminiu/filmoteka/internal/controller/auth.go:76.16,80.3 3 0
github.com/ereminiu/filmoteka/internal/controller/auth.go:82.2,86.23 4 0
github.com/ereminiu/filmoteka/internal/controller/auth.go:100.74,104.47 3 0
github.com/ereminiu/filmoteka/internal/controller/auth.go:104.47,108.3 3 0
github.com/ereminiu/filmoteka/internal/controller/auth.go:109.2,113.16 4 0
github.com/ereminiu/filmoteka/internal/controller/auth.go:113.16,117.3 3 0
github.com/ereminiu/filmoteka/internal/controller/auth.go:119.2,128.16 5 0
github.com/ereminiu/filmoteka/internal/controller/auth.go:128.16,132.3 3 0
github.com/ereminiu/filmoteka/internal/controller/auth.go:134.2,136.23 3 0
github.com/ereminiu/filmoteka/internal/controller/auth.go:139.76,140.54 1 0
github.com/ereminiu/filmoteka/internal/controller/auth.go:140.54,143.19 3 0
github.com/ereminiu/filmoteka/internal/controller/auth.go:143.19,146.4 2 0
github.com/ereminiu/filmoteka/internal/controller/auth.go:148.3,149.28 2 0
github.com/ereminiu/filmoteka/internal/controller/auth.go:149.28,153.4 3 0
github.com/ereminiu/filmoteka/internal/controller/auth.go:155.3,156.17 2 0
github.com/ereminiu/filmoteka/internal/controller/auth.go:156.17,160.4 3 0
github.com/ereminiu/filmoteka/internal/controller/auth.go:161.3,161.26 1 0
github.com/ereminiu/filmoteka/internal/controller/auth.go:161.26,165.4 3 0
github.com/ereminiu/filmoteka/internal/controller/auth.go:167.3,172.13 5 0
github.com/ereminiu/filmoteka/internal/controller/migrate.go:14.54,16.2 1 0
github.com/ereminiu/filmoteka/internal/controller/migrate.go:32.76,36.16 3 0
github.com/ereminiu/filmoteka/internal/controller/migrate.go:36.16,40.3 3 0
github.com/ereminiu/filmoteka/internal/controller/migrate.go:42.2,48.16 3 0
github.com/ereminiu/filmoteka/internal/controller/migrate.go:48.16,52.3 3 0
github.com/ereminiu/filmoteka/internal/controller/migrate.go:54.2,57.23 4 0
github.com/ereminiu/filmoteka/internal/controller/migrate.go:69.78,73.16 3 0
github.com/ereminiu/filmoteka/internal/controller/migrate.go:73.16,77.3 3 0
github.com/ereminiu/filmoteka/internal/controller/migrate.go:79.2,85.16 3 0
github.com/ereminiu/filmoteka/internal/controller/migrate.go:85.16,89.3 3 0
github.com/ereminiu/filmoteka/internal/controller/migrate.go:91.2,94.23 4 0
github.com/ereminiu/filmoteka/internal/controller/migrate.go:112.79,116.47 3 0
github.com/ereminiu/filmoteka/internal/controller/migrate.go:116.47,120.3 3 0
github.com/ereminiu/filmoteka/internal/controller/migrate.go:121.2,125.16 4 0
github.com/ereminiu/filmoteka/internal/controller/migrate.go:125.16,129.3 3 0
github.com/ereminiu/filmoteka/internal/controller/migrate.go:131.2,137.16 3 0
github.com/ereminiu/filmoteka/internal/controller/migrate.go:137.16,141.3 3 0
github.com/ereminiu/filmoteka/internal/controller/migrate.go:143.2,146.23 4 0
github.com/ereminiu/filmoteka/internal/controller/movie.go:16.46,18.2 1 0
github.com/ereminiu/filmoteka/internal/controller/movie.go:40.73,44.47 3 0
github.com/ereminiu/filmoteka/internal/controller/movie.go:44.47,48.3 3 0
github.com/ereminiu/filmoteka/internal/controller/movie.go:49.2,52.16 3 0
github.com/ereminiu/filmoteka/internal/controller/movie.go:52.16,56.3 3 0
github.com/ereminiu/filmoteka/internal/controller/movie.go:58.2,64.16 3 0
github.com/ereminiu/filmoteka/internal/controller/movie.go:64.16,68.3 3 0
github.com/ereminiu/filmoteka/internal/controller/movie.go:70.2,74.23 4 0
github.com/ereminiu/filmoteka/internal/controller/movie.go:92.77,96.47 3 0
github.com/ereminiu/filmoteka/internal/controller/movie.go:96.47,100.3 3 0
github.com/ereminiu/filmoteka/internal/controller/movie.go:101.2,104.16 3 0
github.com/ereminiu/filmoteka/internal/controller/movie.go:104.16,108.3 3 0
github.com/ereminiu/filmoteka/internal/controller/movie.go:110.2,111.16 2 0
github.com/ereminiu/filmoteka/internal/controller/movie.go:111.16,115.3 3 0
github.com/ereminiu/filmoteka/internal/controller/movie.go:117.2,119.23 3 0
github.com/ereminiu/filmoteka/internal/controller/movie.go:140.76,144.47 3 0
github.com/ereminiu/filmoteka/internal/controller/movie.go:144.47,148.3 3 0
github.com/ereminiu/filmoteka/internal/controller/movie.go:149.2,152.16 3 0
github.com/ereminiu/filmoteka/internal/controller/movie.go:152.16,156.3 3 0
github.com/ereminiu/filmoteka/internal/controller/movie.go:158.2,165.16 3 0
github.com/ereminiu/filmoteka/internal/controller/movie.go:165.16,169.3 3 0
github.com/ereminiu/filmoteka/internal/controller/movie.go:171.2,173.23 3 0
github.com/ereminiu/filmoteka/internal/controller/movie.go:192.76,196.47 3 0
github.com/ereminiu/filmoteka/internal/controller/movie.go:196.47,200.3 3 0
github.com/ereminiu/filmoteka/internal/controller/movie.go:201.2,204.16 3 0
github.com/ereminiu/filmoteka/internal/controller/movie.go:204.16,208.3 3 0
github.com/ereminiu/filmoteka/internal/controller/movie.go:210.2,213.16 3 0
github.com/ereminiu/filmoteka/internal/controller/movie.go:213.16,217.3 3 0
github.com/ereminiu/filmoteka/internal/controller/movie.go:219.2,221.23 3 0
github.com/ereminiu/filmoteka/internal/controller/movie.go:242.76,246.47 3 0
github.com/ereminiu/filmoteka/internal/controller/movie.go:246.47,250.3 3 0
github.com/ereminiu/filmoteka/internal/controller/movie.go:251.2,254.31 3 0
github.com/ereminiu/filmoteka/internal/controller/movie.go:254.31,256.3 1 0
github.com/ereminiu/filmoteka/internal/controller/movie.go:256.8,258.3 1 0
github.com/ereminiu/filmoteka/internal/controller/movie.go:260.2,261.16 2 0
github.com/ereminiu/filmoteka/internal/controller/movie.go:261.16,265.3 3 0
github.com/ereminiu/filmoteka/internal/controller/movie.go:267.2,270.16 3 0
github.com/ereminiu/filmoteka/internal/controller/movie.go:270.16,274.3 3 0
github.com/ereminiu/filmoteka/internal/controller/movie.go:276.2,278.23 3 0
github.com/ereminiu/filmoteka/internal/controller/movie.go:298.80,302.47 3 0
github.com/ereminiu/filmoteka/internal/controller/movie.go:302.47,306.3 3 0
github.com/ereminiu/filmoteka/internal/controller/movie.go:307.2,310.16 3 0
github.com/ereminiu/filmoteka/internal/controller/movie.go:310.16,314.3 3 0
github.com/ereminiu/filmoteka/internal/controller/movie.go:316.2,319.16 3 0
github.com/ereminiu/filmoteka/internal/controller/movie.go:319.16,323.3 3 0
github.com/ereminiu/filmoteka/internal/controller/movie.go:325.2,327.23 3 0
github.com/ereminiu/filmoteka/internal/controller/movie.go:346.76,350.47 3 0
github.com/ereminiu/filmoteka/internal/controller/movie.go:350.47,354.3 3 0
github.com/ereminiu/filmoteka/internal/controller/movie.go:355.2,358.16 3 0
github.com/ereminiu/filmoteka/internal/controller/movie.go:358.16,362.3 3 0
github.com/ereminiu/filmoteka/internal/controller/movie.go:364.2,365.16 2 0
github.com/ereminiu/filmoteka/internal/controller/movie.go:365.16,369.3 3 0
github.com/ereminiu/filmoteka/internal/controller/movie.go:371.2,373.23 3 0
github.com/ereminiu/filmoteka/internal/controller/rev.go:3.38,5.34 2 0
github.com/ereminiu/filmoteka/internal/controller/rev.go:5.34,7.3 1 0
github.com/ereminiu/filmoteka/internal/controller/rev.go:8.2,8.20 1 0
github.com/ereminiu/filmoteka/internal/controller/lib/lib.go:15.51,20.2 3 0
github.com/ereminiu/filmoteka/internal/controller/lib/lib.go:28.65,38.2 2 0
github.com/ereminiu/filmoteka/internal/controller/lib/lib.go:40.57,41.108 1 0
github.com/ereminiu/filmoteka/internal/controller/lib/lib.go:41.108,42.58 1 0
github.com/ereminiu/filmoteka/internal/controller/lib/lib.go:42.58,44.4 1 0
github.com/ereminiu/filmoteka/internal/controller/lib/lib.go:45.3,45.35 1 0
github.com/ereminiu/filmoteka/internal/controller/lib/lib.go:47.2,47.16 1 0
github.com/ereminiu/filmoteka/internal/controller/lib/lib.go:47.16,49.3 1 0
github.com/ereminiu/filmoteka/internal/controller/lib/lib.go:50.2,51.9 2 0
github.com/ereminiu/filmoteka/internal/controller/lib/lib.go:51.9,53.3 1 0
github.com/ereminiu/filmoteka/internal/controller/lib/lib.go:54.2,54.44 1 0
github.com/ereminiu/filmoteka/internal/controller/lib/lib.go:57.44,58.43 1 0
github.com/ereminiu/filmoteka/internal/controller/lib/lib.go:58.43,60.3 1 0
github.com/ereminiu/filmoteka/internal/controller/lib/lib.go:61.2,61.15 1 0
github.com/ereminiu/filmoteka/internal/db/migrate.go:17.57,27.16 3 0
github.com/ereminiu/filmoteka/internal/db/migrate.go:27.16,30.3 2 0
github.com/ereminiu/filmoteka/internal/db/migrate.go:31.2,31.29 1 0
github.com/ereminiu/filmoteka/internal/db/migrate.go:34.47,35.75 1 0
github.com/ereminiu/filmoteka/internal/db/migrate.go:35.75,37.3 1 0
github.com/ereminiu/filmoteka/internal/db/migrate.go:38.2,40.28 3 0
github.com/ereminiu/filmoteka/internal/db/migrate.go:43.49,44.77 1 0
github.com/ereminiu/filmoteka/internal/db/migrate.go:44.77,46.3 1 0
github.com/ereminiu/filmoteka/internal/db/migrate.go:47.2,49.28 3 0
github.com/ereminiu/filmoteka/internal/db/migrate.go:52.55,53.79 1 0
github.com/ereminiu/filmoteka/internal/db/migrate.go:53.79,55.3 1 0
github.com/ereminiu/filmoteka/internal/db/migrate.go:56.2,58.28 3 0
github.com/ereminiu/filmoteka/internal/db/repositories.go:39.48,45.2 1 0
github.com/ereminiu/filmoteka/internal/db/mocks/mock.go:26.55,30.2 3 0
github.com/ereminiu/filmoteka/internal/db/mocks/mock.go:33.53,35.2 1 0
github.com/ereminiu/filmoteka/internal/db/mocks/mock.go:38.65,43.2 4 0
github.com/ereminiu/filmoteka/internal/db/mocks/mock.go:46.93,49.2 2 0
github.com/ereminiu/filmoteka/internal/db/mocks/mock.go:52.76,57.2 4 0
github.com/ereminiu/filmoteka/internal/db/mocks/mock.go:60.97,63.2 2 0
github.com/ereminiu/filmoteka/internal/db/mocks/mock.go:66.104,72.2 5 0
github.com/ereminiu/filmoteka/internal/db/mocks/mock.go:75.112,78.2 2 0
github.com/ereminiu/filmoteka/internal/db/mocks/mock.go:81.63,86.2 4 0
github.com/ereminiu/filmoteka/internal/db/mocks/mock.go:89.87,92.2 2 0
github.com/ereminiu/filmoteka/internal/db/mocks/mock.go:95.52,100.2 4 0
github.com/ereminiu/filmoteka/internal/db/mocks/mock.go:103.80,106.2 2 0
github.com/ereminiu/filmoteka/internal/db/mocks/mock.go:109.83,115.2 5 0
github.com/ereminiu/filmoteka/internal/db/mocks/mock.go:118.80,121.2 2 0
github.com/ereminiu/filmoteka/internal/db/mocks/mock.go:124.102,130.2 5 0
github.com/ereminiu/filmoteka/internal/db/mocks/mock.go:133.99,136.2 2 0
github.com/ereminiu/filmoteka/internal/db/mocks/mock.go:150.55,154.2 3 0
github.com/ereminiu/filmoteka/internal/db/mocks/mock.go:157.53,159.2 1 0
github.com/ereminiu/filmoteka/internal/db/mocks/mock.go:162.63,167.2 4 0
github.com/ereminiu/filmoteka/internal/db/mocks/mock.go:170.88,173.2 2 0
github.com/ereminiu/filmoteka/internal/db/mocks/mock.go:176.77,182.2 5 0
github.com/ereminiu/filmoteka/internal/db/mocks/mock.go:185.95,188.2 2 0
github.com/ereminiu/filmoteka/internal/db/mocks/mock.go:191.52,196.2 4 0
github.com/ereminiu/filmoteka/internal/db/mocks/mock.go:199.80,202.2 2 0
github.com/ereminiu/filmoteka/internal/db/mocks/mock.go:205.53,210.2 4 0
github.com/ereminiu/filmoteka/internal/db/mocks/mock.go:213.78,216.2 2 0
github.com/ereminiu/filmoteka/internal/db/mocks/mock.go:219.70,225.2 5 0
github.com/ereminiu/filmoteka/internal/db/mocks/mock.go:228.62,231.2 2 0
github.com/ereminiu/filmoteka/internal/db/mocks/mock.go:245.71,249.2 3 0
github.com/ereminiu/filmoteka/internal/db/mocks/mock.go:252.69,254.2 1 0
github.com/ereminiu/filmoteka/internal/db/mocks/mock.go:257.90,263.2 5 0
github.com/ereminiu/filmoteka/internal/db/mocks/mock.go:266.108,269.2 2 0
github.com/ereminiu/filmoteka/internal/db/mocks/mock.go:272.81,278.2 5 0
github.com/ereminiu/filmoteka/internal/db/mocks/mock.go:281.99,284.2 2 0
github.com/ereminiu/filmoteka/internal/db/repositories/actor.go:14.54,18.2 1 1
github.com/ereminiu/filmoteka/internal/db/repositories/actor.go:32.72,49.16 3 1
github.com/ereminiu/filmoteka/internal/db/repositories/actor.go:49.16,51.3 1 0
github.com/ereminiu/filmoteka/internal/db/repositories/actor.go:52.2,53.16 2 1
github.com/ereminiu/filmoteka/internal/db/repositories/actor.go:53.16,56.3 2 0
github.com/ereminiu/filmoteka/internal/db/repositories/actor.go:57.2,58.18 2 1
github.com/ereminiu/filmoteka/internal/db/repositories/actor.go:58.18,61.107 2 1
github.com/ereminiu/filmoteka/internal/db/repositories/actor.go:61.107,64.4 2 0
github.com/ereminiu/filmoteka/internal/db/repositories/actor.go:65.3,69.63 3 1
github.com/ereminiu/filmoteka/internal/db/repositories/actor.go:72.2,73.44 2 1
github.com/ereminiu/filmoteka/internal/db/repositories/actor.go:73.44,75.3 1 1
github.com/ereminiu/filmoteka/internal/db/repositories/actor.go:77.2,77.28 1 1
github.com/ereminiu/filmoteka/internal/db/repositories/actor.go:80.84,83.16 3 1
github.com/ereminiu/filmoteka/internal/db/repositories/actor.go:83.16,85.3 1 0
github.com/ereminiu/filmoteka/internal/db/repositories/actor.go:87.2,90.16 4 1
github.com/ereminiu/filmoteka/internal/db/repositories/actor.go:90.16,91.36 1 0
github.com/ereminiu/filmoteka/internal/db/repositories/actor.go:91.36,93.18 2 0
github.com/ereminiu/filmoteka/internal/db/repositories/actor.go:93.18,96.5 2 0
github.com/ereminiu/filmoteka/internal/db/repositories/actor.go:97.4,97.31 1 0
github.com/ereminiu/filmoteka/internal/db/repositories/actor.go:99.3,100.17 2 0
github.com/ereminiu/filmoteka/internal/db/repositories/actor.go:102.2,102.29 1 1
github.com/ereminiu/filmoteka/internal/db/repositories/actor.go:105.95,110.16 5 0
github.com/ereminiu/filmoteka/internal/db/repositories/actor.go:110.16,113.3 2 0
github.com/ereminiu/filmoteka/internal/db/repositories/actor.go:114.2,114.21 1 0
github.com/ereminiu/filmoteka/internal/db/repositories/actor.go:117.83,120.16 3 0
github.com/ereminiu/filmoteka/internal/db/repositories/actor.go:120.16,122.3 1 0
github.com/ereminiu/filmoteka/internal/db/repositories/actor.go:123.2,124.16 2 0
github.com/ereminiu/filmoteka/internal/db/repositories/actor.go:124.16,127.3 2 0
github.com/ereminiu/filmoteka/internal/db/repositories/actor.go:128.2,128.20 1 0
github.com/ereminiu/filmoteka/internal/db/repositories/actor.go:131.59,133.16 2 0
github.com/ereminiu/filmoteka/internal/db/repositories/actor.go:133.16,135.3 1 0
github.com/ereminiu/filmoteka/internal/db/repositories/actor.go:136.2,137.16 2 0
github.com/ereminiu/filmoteka/internal/db/repositories/actor.go:137.16,140.3 2 0
github.com/ereminiu/filmoteka/internal/db/repositories/actor.go:141.2,145.16 3 0
github.com/ereminiu/filmoteka/internal/db/repositories/actor.go:145.16,148.3 2 0
github.com/ereminiu/filmoteka/internal/db/repositories/actor.go:149.2,149.20 1 0
github.com/ereminiu/filmoteka/internal/db/repositories/actor.go:152.87,162.16 3 0
github.com/ereminiu/filmoteka/internal/db/repositories/actor.go:162.16,165.3 2 0
github.com/ereminiu/filmoteka/internal/db/repositories/actor.go:166.2,167.18 2 0
github.com/ereminiu/filmoteka/internal/db/repositories/actor.go:167.18,170.17 3 0
github.com/ereminiu/filmoteka/internal/db/repositories/actor.go:170.17,173.4 2 0
github.com/ereminiu/filmoteka/internal/db/repositories/actor.go:174.3,174.39 1 0
github.com/ereminiu/filmoteka/internal/db/repositories/actor.go:176.2,176.22 1 0
github.com/ereminiu/filmoteka/internal/db/repositories/actor.go:179.81,181.16 2 0
github.com/ereminiu/filmoteka/internal/db/repositories/actor.go:181.16,183.3 1 0
github.com/ereminiu/filmoteka/internal/db/repositories/actor.go:184.2,184.37 1 0
github.com/ereminiu/filmoteka/internal/db/repositories/actor.go:184.37,188.17 4 0
github.com/ereminiu/filmoteka/internal/db/repositories/actor.go:188.17,191.4 2 0
github.com/ereminiu/filmoteka/internal/db/repositories/actor.go:193.2,193.12 1 0
github.com/ereminiu/filmoteka/internal/db/repositories/auth.go:9.52,13.2 1 0
github.com/ereminiu/filmoteka/internal/db/repositories/auth.go:15.79,18.16 3 0
github.com/ereminiu/filmoteka/internal/db/repositories/auth.go:18.16,20.3 1 0
github.com/ereminiu/filmoteka/internal/db/repositories/auth.go:21.2,23.42 3 0
github.com/ereminiu/filmoteka/internal/db/repositories/auth.go:23.42,26.3 2 0
github.com/ereminiu/filmoteka/internal/db/repositories/auth.go:27.2,27.28 1 0
github.com/ereminiu/filmoteka/internal/db/repositories/auth.go:30.88,33.16 3 0
github.com/ereminiu/filmoteka/internal/db/repositories/auth.go:33.16,35.3 1 0
github.com/ereminiu/filmoteka/internal/db/repositories/auth.go:36.2,38.42 3 0
github.com/ereminiu/filmoteka/internal/db/repositories/auth.go:38.42,41.3 2 0
github.com/ereminiu/filmoteka/internal/db/repositories/auth.go:42.2,42.28 1 0
github.com/ereminiu/filmoteka/internal/db/repositories/movie.go:14.54,18.2 1 1
github.com/ereminiu/filmoteka/internal/db/repositories/movie.go:32.85,49.16 3 0
github.com/ereminiu/filmoteka/internal/db/repositories/movie.go:49.16,51.3 1 0
github.com/ereminiu/filmoteka/internal/db/repositories/movie.go:52.2,53.16 2 0
github.com/ereminiu/filmoteka/internal/db/repositories/movie.go:53.16,56.3 2 0
github.com/ereminiu/filmoteka/internal/db/repositories/movie.go:58.2,59.16 2 0
github.com/ereminiu/filmoteka/internal/db/repositories/movie.go:59.16,62.3 2 0
github.com/ereminiu/filmoteka/internal/db/repositories/movie.go:64.2,64.28 1 0
github.com/ereminiu/filmoteka/internal/db/repositories/movie.go:67.104,85.16 3 1
github.com/ereminiu/filmoteka/internal/db/repositories/movie.go:85.16,87.3 1 0
github.com/ereminiu/filmoteka/internal/db/repositories/movie.go:88.2,89.16 2 1
github.com/ereminiu/filmoteka/internal/db/repositories/movie.go:89.16,92.3 2 0
github.com/ereminiu/filmoteka/internal/db/repositories/movie.go:93.2,94.16 2 1
github.com/ereminiu/filmoteka/internal/db/repositories/movie.go:94.16,97.3 2 0
github.com/ereminiu/filmoteka/internal/db/repositories/movie.go:99.2,99.28 1 1
github.com/ereminiu/filmoteka/internal/db/repositories/movie.go:102.93,104.18 2 1
github.com/ereminiu/filmoteka/internal/db/repositories/movie.go:104.18,107.125 2 1
github.com/ereminiu/filmoteka/internal/db/repositories/movie.go:107.125,109.4 1 0
github.com/ereminiu/filmoteka/internal/db/repositories/movie.go:110.3,114.61 3 1
github.com/ereminiu/filmoteka/internal/db/repositories/movie.go:117.2,118.43 2 1
github.com/ereminiu/filmoteka/internal/db/repositories/movie.go:118.43,120.3 1 1
github.com/ereminiu/filmoteka/internal/db/repositories/movie.go:122.2,122.20 1 1
github.com/ereminiu/filmoteka/internal/db/repositories/movie.go:125.111,128.16 3 0
github.com/ereminiu/filmoteka/internal/db/repositories/movie.go:128.16,130.3 1 0
github.com/ereminiu/filmoteka/internal/db/repositories/movie.go:131.2,133.42 3 0
github.com/ereminiu/filmoteka/internal/db/repositories/movie.go:133.42,136.3 2 0
github.com/ereminiu/filmoteka/internal/db/repositories/movie.go:138.2,139.16 2 0
github.com/ereminiu/filmoteka/internal/db/repositories/movie.go:139.16,142.3 2 0
github.com/ereminiu/filmoteka/internal/db/repositories/movie.go:144.2,144.29 1 0
github.com/ereminiu/filmoteka/internal/db/repositories/movie.go:148.92,149.37 1 0
github.com/ereminiu/filmoteka/internal/db/repositories/movie.go:149.37,153.17 4 0
github.com/ereminiu/filmoteka/internal/db/repositories/movie.go:153.17,156.4 2 0
github.com/ereminiu/filmoteka/internal/db/repositories/movie.go:158.2,158.12 1 0
github.com/ereminiu/filmoteka/internal/db/repositories/movie.go:161.83,164.16 3 0
github.com/ereminiu/filmoteka/internal/db/repositories/movie.go:164.16,166.3 1 0
github.com/ereminiu/filmoteka/internal/db/repositories/movie.go:167.2,168.16 2 0
github.com/ereminiu/filmoteka/internal/db/repositories/movie.go:168.16,171.3 2 0
github.com/ereminiu/filmoteka/internal/db/repositories/movie.go:172.2,172.20 1 0
github.com/ereminiu/filmoteka/internal/db/repositories/movie.go:175.70,176.22 1 0
github.com/ereminiu/filmoteka/internal/db/repositories/movie.go:177.11,181.17 2 0
github.com/ereminiu/filmoteka/internal/db/repositories/movie.go:181.17,183.4 1 0
github.com/ereminiu/filmoteka/internal/db/repositories/movie.go:184.3,186.17 3 0
github.com/ereminiu/filmoteka/internal/db/repositories/movie.go:186.17,188.4 1 0
github.com/ereminiu/filmoteka/internal/db/repositories/movie.go:189.3,189.21 1 0
github.com/ereminiu/filmoteka/internal/db/repositories/movie.go:190.14,193.18 3 0
github.com/ereminiu/filmoteka/internal/db/repositories/movie.go:193.18,195.4 1 0
github.com/ereminiu/filmoteka/internal/db/repositories/movie.go:195.9,195.25 1 0
github.com/ereminiu/filmoteka/internal/db/repositories/movie.go:195.25,197.4 1 0
github.com/ereminiu/filmoteka/internal/db/repositories/movie.go:198.3,198.48 1 0
github.com/ereminiu/filmoteka/internal/db/repositories/movie.go:199.10,200.42 1 0
github.com/ereminiu/filmoteka/internal/db/repositories/movie.go:204.89,209.16 3 0
github.com/ereminiu/filmoteka/internal/db/repositories/movie.go:209.16,212.3 2 0
github.com/ereminiu/filmoteka/internal/db/repositories/movie.go:213.2,213.12 1 0
github.com/ereminiu/filmoteka/internal/db/repositories/movie.go:216.59,219.16 2 0
github.com/ereminiu/filmoteka/internal/db/repositories/movie.go:219.16,221.3 1 0
github.com/ereminiu/filmoteka/internal/db/repositories/movie.go:222.2,223.16 2 0
github.com/ereminiu/filmoteka/internal/db/repositories/movie.go:223.16,226.3 2 0
github.com/ereminiu/filmoteka/internal/db/repositories/movie.go:227.2,227.37 1 0
github.com/ereminiu/filmoteka/internal/db/repositories/movie.go:227.37,234.17 4 0
github.com/ereminiu/filmoteka/internal/db/repositories/movie.go:234.17,237.4 2 0
github.com/ereminiu/filmoteka/internal/db/repositories/movie.go:239.2,244.16 3 0
github.com/ereminiu/filmoteka/internal/db/repositories/movie.go:244.16,247.3 2 0
github.com/ereminiu/filmoteka/internal/db/repositories/movie.go:248.2,248.20 1 0
github.com/ereminiu/filmoteka/internal/db/repositories/movie.go:251.87,261.16 3 0
github.com/ereminiu/filmoteka/internal/db/repositories/movie.go:261.16,264.3 2 0
github.com/ereminiu/filmoteka/internal/db/repositories/movie.go:265.2,266.18 2 0
github.com/ereminiu/filmoteka/internal/db/repositories/movie.go:266.18,268.40 2 0
github.com/ereminiu/filmoteka/internal/db/repositories/movie.go:268.40,271.4 2 0
github.com/ereminiu/filmoteka/internal/db/repositories/movie.go:272.3,272.24 1 0
github.com/ereminiu/filmoteka/internal/db/repositories/movie.go:274.2,274.17 1 0
github.com/ereminiu/filmoteka/internal/db/repositories/movie.go:277.72,280.16 3 0
github.com/ereminiu/filmoteka/internal/db/repositories/movie.go:280.16,282.3 1 0
github.com/ereminiu/filmoteka/internal/db/repositories/movie.go:283.2,284.16 2 0
github.com/ereminiu/filmoteka/internal/db/repositories/movie.go:284.16,287.3 2 0
github.com/ereminiu/filmoteka/internal/db/repositories/movie.go:288.2,288.20 1 0
github.com/ereminiu/filmoteka/internal/models/actor_with_movies.go:11.70,19.2 1 1
github.com/ereminiu/filmoteka/internal/models/movie_with_actors.go:12.70,21.2 1 1
