mode: set
github.com/ereminiu/filmoteka/internal/app/app.go:16.36,24.16 4 0
github.com/ereminiu/filmoteka/internal/app/app.go:24.16,27.3 2 0
github.com/ereminiu/filmoteka/internal/app/app.go:29.2,29.40 1 0
github.com/ereminiu/filmoteka/internal/app/app.go:29.40,32.3 2 0
github.com/ereminiu/filmoteka/internal/app/app.go:34.2,36.22 2 0
github.com/ereminiu/filmoteka/internal/app/app.go:39.20,41.2 1 0
github.com/ereminiu/filmoteka/internal/app/app.go:43.39,53.2 3 0
github.com/ereminiu/filmoteka/internal/app/app.go:56.12,61.16 3 0
github.com/ereminiu/filmoteka/internal/app/app.go:61.16,63.3 1 0
github.com/ereminiu/filmoteka/internal/app/app.go:66.2,71.19 3 0
github.com/ereminiu/filmoteka/internal/app/route.go:13.55,44.2 21 0
github.com/ereminiu/filmoteka/internal/app/route.go:60.61,63.47 3 0
github.com/ereminiu/filmoteka/internal/app/route.go:63.47,67.3 3 0
github.com/ereminiu/filmoteka/internal/app/route.go:69.2,71.16 3 0
github.com/ereminiu/filmoteka/internal/app/route.go:71.16,75.3 3 0
github.com/ereminiu/filmoteka/internal/app/route.go:77.2,79.23 3 0
github.com/ereminiu/filmoteka/internal/app/route.go:82.53,83.2 0 0
github.com/ereminiu/filmoteka/internal/config/config.go:24.48,26.20 2 0
github.com/ereminiu/filmoteka/internal/config/config.go:26.20,28.3 1 0
github.com/ereminiu/filmoteka/internal/config/config.go:28.8,28.27 1 0
github.com/ereminiu/filmoteka/internal/config/config.go:28.27,30.3 1 0
github.com/ereminiu/filmoteka/internal/config/config.go:30.8,32.3 1 0
github.com/ereminiu/filmoteka/internal/config/config.go:33.2,34.16 2 0
github.com/ereminiu/filmoteka/internal/config/config.go:34.16,36.3 1 0
github.com/ereminiu/filmoteka/internal/config/config.go:37.2,39.16 3 0
github.com/ereminiu/filmoteka/internal/config/config.go:39.16,41.3 1 0
github.com/ereminiu/filmoteka/internal/config/config.go:42.2,42.18 1 0
github.com/ereminiu/filmoteka/internal/db/repositories.go:41.48,47.2 1 0
github.com/ereminiu/filmoteka/internal/controller/lib/lib.go:15.51,20.2 3 0
github.com/ereminiu/filmoteka/internal/controller/lib/lib.go:28.65,38.2 2 0
github.com/ereminiu/filmoteka/internal/controller/lib/lib.go:40.57,41.108 1 0
github.com/ereminiu/filmoteka/internal/controller/lib/lib.go:41.108,42.58 1 0
github.com/ereminiu/filmoteka/internal/controller/lib/lib.go:42.58,44.4 1 0
github.com/ereminiu/filmoteka/internal/controller/lib/lib.go:45.3,45.35 1 0
github.com/ereminiu/filmoteka/internal/controller/lib/lib.go:47.2,47.16 1 0
github.com/ereminiu/filmoteka/internal/controller/lib/lib.go:47.16,49.3 1 0
github.com/ereminiu/filmoteka/internal/controller/lib/lib.go:50.2,51.9 2 0
github.com/ereminiu/filmoteka/internal/controller/lib/lib.go:51.9,53.3 1 0
github.com/ereminiu/filmoteka/internal/controller/lib/lib.go:54.2,54.44 1 0
github.com/ereminiu/filmoteka/internal/controller/lib/lib.go:57.44,58.43 1 0
github.com/ereminiu/filmoteka/internal/controller/lib/lib.go:58.43,60.3 1 0
github.com/ereminiu/filmoteka/internal/controller/lib/lib.go:61.2,61.15 1 0
github.com/ereminiu/filmoteka/internal/db/mocks/mock.go:26.55,30.2 3 0
github.com/ereminiu/filmoteka/internal/db/mocks/mock.go:33.53,35.2 1 0
github.com/ereminiu/filmoteka/internal/db/mocks/mock.go:38.65,43.2 4 0
github.com/ereminiu/filmoteka/internal/db/mocks/mock.go:46.93,49.2 2 0
github.com/ereminiu/filmoteka/internal/db/mocks/mock.go:52.76,57.2 4 0
github.com/ereminiu/filmoteka/internal/db/mocks/mock.go:60.97,63.2 2 0
github.com/ereminiu/filmoteka/internal/db/mocks/mock.go:66.104,72.2 5 0
github.com/ereminiu/filmoteka/internal/db/mocks/mock.go:75.112,78.2 2 0
github.com/ereminiu/filmoteka/internal/db/mocks/mock.go:81.63,86.2 4 0
github.com/ereminiu/filmoteka/internal/db/mocks/mock.go:89.87,92.2 2 0
github.com/ereminiu/filmoteka/internal/db/mocks/mock.go:95.52,100.2 4 0
github.com/ereminiu/filmoteka/internal/db/mocks/mock.go:103.80,106.2 2 0
github.com/ereminiu/filmoteka/internal/db/mocks/mock.go:109.83,115.2 5 0
github.com/ereminiu/filmoteka/internal/db/mocks/mock.go:118.80,121.2 2 0
github.com/ereminiu/filmoteka/internal/db/mocks/mock.go:124.91,130.2 5 0
github.com/ereminiu/filmoteka/internal/db/mocks/mock.go:133.98,136.2 2 0
github.com/ereminiu/filmoteka/internal/db/mocks/mock.go:139.82,145.2 5 0
github.com/ereminiu/filmoteka/internal/db/mocks/mock.go:148.89,151.2 2 0
github.com/ereminiu/filmoteka/internal/db/mocks/mock.go:165.55,169.2 3 0
github.com/ereminiu/filmoteka/internal/db/mocks/mock.go:172.53,174.2 1 0
github.com/ereminiu/filmoteka/internal/db/mocks/mock.go:177.63,182.2 4 0
github.com/ereminiu/filmoteka/internal/db/mocks/mock.go:185.88,188.2 2 0
github.com/ereminiu/filmoteka/internal/db/mocks/mock.go:191.77,197.2 5 0
github.com/ereminiu/filmoteka/internal/db/mocks/mock.go:200.95,203.2 2 0
github.com/ereminiu/filmoteka/internal/db/mocks/mock.go:206.52,211.2 4 0
github.com/ereminiu/filmoteka/internal/db/mocks/mock.go:214.80,217.2 2 0
github.com/ereminiu/filmoteka/internal/db/mocks/mock.go:220.53,225.2 4 0
github.com/ereminiu/filmoteka/internal/db/mocks/mock.go:228.78,231.2 2 0
github.com/ereminiu/filmoteka/internal/db/mocks/mock.go:234.70,240.2 5 0
github.com/ereminiu/filmoteka/internal/db/mocks/mock.go:243.62,246.2 2 0
github.com/ereminiu/filmoteka/internal/db/mocks/mock.go:260.71,264.2 3 0
github.com/ereminiu/filmoteka/internal/db/mocks/mock.go:267.69,269.2 1 0
github.com/ereminiu/filmoteka/internal/db/mocks/mock.go:272.90,278.2 5 0
github.com/ereminiu/filmoteka/internal/db/mocks/mock.go:281.108,284.2 2 0
github.com/ereminiu/filmoteka/internal/db/mocks/mock.go:287.81,293.2 5 0
github.com/ereminiu/filmoteka/internal/db/mocks/mock.go:296.99,299.2 2 0
github.com/ereminiu/filmoteka/internal/app/app.go:16.36,24.16 4 0
github.com/ereminiu/filmoteka/internal/app/app.go:24.16,27.3 2 0
github.com/ereminiu/filmoteka/internal/app/app.go:29.2,29.40 1 0
github.com/ereminiu/filmoteka/internal/app/app.go:29.40,32.3 2 0
github.com/ereminiu/filmoteka/internal/app/app.go:34.2,36.22 2 0
github.com/ereminiu/filmoteka/internal/app/app.go:39.20,41.2 1 0
github.com/ereminiu/filmoteka/internal/app/app.go:43.39,53.2 3 0
github.com/ereminiu/filmoteka/internal/app/app.go:56.12,61.16 3 0
github.com/ereminiu/filmoteka/internal/app/app.go:61.16,63.3 1 0
github.com/ereminiu/filmoteka/internal/app/app.go:66.2,71.19 3 0
github.com/ereminiu/filmoteka/internal/app/route.go:13.55,44.2 21 0
github.com/ereminiu/filmoteka/internal/app/route.go:60.61,63.47 3 0
github.com/ereminiu/filmoteka/internal/app/route.go:63.47,67.3 3 0
github.com/ereminiu/filmoteka/internal/app/route.go:69.2,71.16 3 0
github.com/ereminiu/filmoteka/internal/app/route.go:71.16,75.3 3 0
github.com/ereminiu/filmoteka/internal/app/route.go:77.2,79.23 3 0
github.com/ereminiu/filmoteka/internal/app/route.go:82.53,83.2 0 0
github.com/ereminiu/filmoteka/internal/config/config.go:24.48,26.20 2 0
github.com/ereminiu/filmoteka/internal/config/config.go:26.20,28.3 1 0
github.com/ereminiu/filmoteka/internal/config/config.go:28.8,28.27 1 0
github.com/ereminiu/filmoteka/internal/config/config.go:28.27,30.3 1 0
github.com/ereminiu/filmoteka/internal/config/config.go:30.8,32.3 1 0
github.com/ereminiu/filmoteka/internal/config/config.go:33.2,34.16 2 0
github.com/ereminiu/filmoteka/internal/config/config.go:34.16,36.3 1 0
github.com/ereminiu/filmoteka/internal/config/config.go:37.2,39.16 3 0
github.com/ereminiu/filmoteka/internal/config/config.go:39.16,41.3 1 0
github.com/ereminiu/filmoteka/internal/config/config.go:42.2,42.18 1 0
github.com/ereminiu/filmoteka/internal/controller/actor.go:16.46,18.2 1 0
github.com/ereminiu/filmoteka/internal/controller/actor.go:20.73,24.47 3 0
github.com/ereminiu/filmoteka/internal/controller/actor.go:24.47,28.3 3 0
github.com/ereminiu/filmoteka/internal/controller/actor.go:29.2,32.16 3 0
github.com/ereminiu/filmoteka/internal/controller/actor.go:32.16,36.3 3 0
github.com/ereminiu/filmoteka/internal/controller/actor.go:38.2,47.16 3 0
github.com/ereminiu/filmoteka/internal/controller/actor.go:47.16,51.3 3 0
github.com/ereminiu/filmoteka/internal/controller/actor.go:53.2,55.23 3 0
github.com/ereminiu/filmoteka/internal/controller/actor.go:62.76,66.47 3 0
github.com/ereminiu/filmoteka/internal/controller/actor.go:66.47,70.3 3 0
github.com/ereminiu/filmoteka/internal/controller/actor.go:71.2,74.16 3 0
github.com/ereminiu/filmoteka/internal/controller/actor.go:74.16,78.3 3 0
github.com/ereminiu/filmoteka/internal/controller/actor.go:80.2,87.16 3 0
github.com/ereminiu/filmoteka/internal/controller/actor.go:87.16,91.3 3 0
github.com/ereminiu/filmoteka/internal/controller/actor.go:93.2,95.23 3 0
github.com/ereminiu/filmoteka/internal/controller/actor.go:98.77,100.16 2 0
github.com/ereminiu/filmoteka/internal/controller/actor.go:100.16,104.3 3 0
github.com/ereminiu/filmoteka/internal/controller/actor.go:106.2,107.16 2 0
github.com/ereminiu/filmoteka/internal/controller/actor.go:107.16,111.3 3 0
github.com/ereminiu/filmoteka/internal/controller/actor.go:113.2,115.23 3 0
github.com/ereminiu/filmoteka/internal/controller/auth.go:22.52,24.2 1 0
github.com/ereminiu/filmoteka/internal/controller/auth.go:34.77,38.47 3 0
github.com/ereminiu/filmoteka/internal/controller/auth.go:38.47,42.3 3 0
github.com/ereminiu/filmoteka/internal/controller/auth.go:43.2,47.16 4 0
github.com/ereminiu/filmoteka/internal/controller/auth.go:47.16,51.3 3 0
github.com/ereminiu/filmoteka/internal/controller/auth.go:53.2,55.16 3 0
github.com/ereminiu/filmoteka/internal/controller/auth.go:55.16,59.3 3 0
github.com/ereminiu/filmoteka/internal/controller/auth.go:61.2,64.16 2 0
github.com/ereminiu/filmoteka/internal/controller/auth.go:64.16,68.3 3 0
github.com/ereminiu/filmoteka/internal/controller/auth.go:70.2,72.23 3 0
github.com/ereminiu/filmoteka/internal/controller/auth.go:75.74,79.47 3 0
github.com/ereminiu/filmoteka/internal/controller/auth.go:79.47,83.3 3 0
github.com/ereminiu/filmoteka/internal/controller/auth.go:84.2,88.16 4 0
github.com/ereminiu/filmoteka/internal/controller/auth.go:88.16,92.3 3 0
github.com/ereminiu/filmoteka/internal/controller/auth.go:94.2,103.16 3 0
github.com/ereminiu/filmoteka/internal/controller/auth.go:103.16,107.3 3 0
github.com/ereminiu/filmoteka/internal/controller/auth.go:109.2,111.23 3 0
github.com/ereminiu/filmoteka/internal/controller/auth.go:114.76,115.54 1 0
github.com/ereminiu/filmoteka/internal/controller/auth.go:115.54,117.19 2 0
github.com/ereminiu/filmoteka/internal/controller/auth.go:117.19,120.4 2 0
github.com/ereminiu/filmoteka/internal/controller/auth.go:122.3,123.28 2 0
github.com/ereminiu/filmoteka/internal/controller/auth.go:123.28,126.4 2 0
github.com/ereminiu/filmoteka/internal/controller/auth.go:128.3,129.17 2 0
github.com/ereminiu/filmoteka/internal/controller/auth.go:129.17,132.4 2 0
github.com/ereminiu/filmoteka/internal/controller/auth.go:133.3,133.26 1 0
github.com/ereminiu/filmoteka/internal/controller/auth.go:133.26,136.4 2 0
github.com/ereminiu/filmoteka/internal/controller/auth.go:138.3,143.13 5 0
github.com/ereminiu/filmoteka/internal/controller/movie.go:16.46,18.2 1 0
github.com/ereminiu/filmoteka/internal/controller/movie.go:28.73,32.47 3 0
github.com/ereminiu/filmoteka/internal/controller/movie.go:32.47,36.3 3 0
github.com/ereminiu/filmoteka/internal/controller/movie.go:37.2,40.16 3 0
github.com/ereminiu/filmoteka/internal/controller/movie.go:40.16,44.3 3 0
github.com/ereminiu/filmoteka/internal/controller/movie.go:46.2,55.16 3 0
github.com/ereminiu/filmoteka/internal/controller/movie.go:55.16,59.3 3 0
github.com/ereminiu/filmoteka/internal/controller/movie.go:61.2,63.23 3 0
github.com/ereminiu/filmoteka/internal/controller/movie.go:70.77,74.47 3 0
github.com/ereminiu/filmoteka/internal/controller/movie.go:74.47,78.3 3 0
github.com/ereminiu/filmoteka/internal/controller/movie.go:79.2,82.16 3 0
github.com/ereminiu/filmoteka/internal/controller/movie.go:82.16,86.3 3 0
github.com/ereminiu/filmoteka/internal/controller/movie.go:88.2,89.16 2 0
github.com/ereminiu/filmoteka/internal/controller/movie.go:89.16,93.3 3 0
github.com/ereminiu/filmoteka/internal/controller/movie.go:95.2,97.23 3 0
github.com/ereminiu/filmoteka/internal/controller/movie.go:106.76,110.47 3 0
github.com/ereminiu/filmoteka/internal/controller/movie.go:110.47,114.3 3 0
github.com/ereminiu/filmoteka/internal/controller/movie.go:115.2,118.16 3 0
github.com/ereminiu/filmoteka/internal/controller/movie.go:118.16,122.3 3 0
github.com/ereminiu/filmoteka/internal/controller/movie.go:124.2,131.16 3 0
github.com/ereminiu/filmoteka/internal/controller/movie.go:131.16,135.3 3 0
github.com/ereminiu/filmoteka/internal/controller/movie.go:137.2,139.23 3 0
github.com/ereminiu/filmoteka/internal/controller/movie.go:146.76,150.47 3 0
github.com/ereminiu/filmoteka/internal/controller/movie.go:150.47,154.3 3 0
github.com/ereminiu/filmoteka/internal/controller/movie.go:155.2,158.16 3 0
github.com/ereminiu/filmoteka/internal/controller/movie.go:158.16,162.3 3 0
github.com/ereminiu/filmoteka/internal/controller/movie.go:164.2,171.16 3 0
github.com/ereminiu/filmoteka/internal/controller/movie.go:171.16,175.3 3 0
github.com/ereminiu/filmoteka/internal/controller/movie.go:177.2,179.23 3 0
github.com/ereminiu/filmoteka/internal/controller/movie.go:188.76,192.47 3 0
github.com/ereminiu/filmoteka/internal/controller/movie.go:192.47,196.3 3 0
github.com/ereminiu/filmoteka/internal/controller/movie.go:197.2,200.31 3 0
github.com/ereminiu/filmoteka/internal/controller/movie.go:200.31,202.3 1 0
github.com/ereminiu/filmoteka/internal/controller/movie.go:202.8,204.3 1 0
github.com/ereminiu/filmoteka/internal/controller/movie.go:206.2,207.16 2 0
github.com/ereminiu/filmoteka/internal/controller/movie.go:207.16,211.3 3 0
github.com/ereminiu/filmoteka/internal/controller/movie.go:213.2,220.16 3 0
github.com/ereminiu/filmoteka/internal/controller/movie.go:220.16,224.3 3 0
github.com/ereminiu/filmoteka/internal/controller/movie.go:226.2,228.23 3 0
github.com/ereminiu/filmoteka/internal/controller/movie.go:236.80,240.47 3 0
github.com/ereminiu/filmoteka/internal/controller/movie.go:240.47,244.3 3 0
github.com/ereminiu/filmoteka/internal/controller/movie.go:245.2,248.16 3 0
github.com/ereminiu/filmoteka/internal/controller/movie.go:248.16,252.3 3 0
github.com/ereminiu/filmoteka/internal/controller/movie.go:254.2,261.16 3 0
github.com/ereminiu/filmoteka/internal/controller/movie.go:261.16,265.3 3 0
github.com/ereminiu/filmoteka/internal/controller/movie.go:267.2,269.23 3 0
github.com/ereminiu/filmoteka/internal/controller/rev.go:3.38,5.34 2 0
github.com/ereminiu/filmoteka/internal/controller/rev.go:5.34,7.3 1 0
github.com/ereminiu/filmoteka/internal/controller/rev.go:8.2,8.20 1 0
github.com/ereminiu/filmoteka/internal/controller/lib/lib.go:15.51,20.2 3 0
github.com/ereminiu/filmoteka/internal/controller/lib/lib.go:28.65,38.2 2 0
github.com/ereminiu/filmoteka/internal/controller/lib/lib.go:40.57,41.108 1 0
github.com/ereminiu/filmoteka/internal/controller/lib/lib.go:41.108,42.58 1 0
github.com/ereminiu/filmoteka/internal/controller/lib/lib.go:42.58,44.4 1 0
github.com/ereminiu/filmoteka/internal/controller/lib/lib.go:45.3,45.35 1 0
github.com/ereminiu/filmoteka/internal/controller/lib/lib.go:47.2,47.16 1 0
github.com/ereminiu/filmoteka/internal/controller/lib/lib.go:47.16,49.3 1 0
github.com/ereminiu/filmoteka/internal/controller/lib/lib.go:50.2,51.9 2 0
github.com/ereminiu/filmoteka/internal/controller/lib/lib.go:51.9,53.3 1 0
github.com/ereminiu/filmoteka/internal/controller/lib/lib.go:54.2,54.44 1 0
github.com/ereminiu/filmoteka/internal/controller/lib/lib.go:57.44,58.43 1 0
github.com/ereminiu/filmoteka/internal/controller/lib/lib.go:58.43,60.3 1 0
github.com/ereminiu/filmoteka/internal/controller/lib/lib.go:61.2,61.15 1 0
github.com/ereminiu/filmoteka/internal/db/repositories.go:41.48,47.2 1 0
github.com/ereminiu/filmoteka/internal/db/mocks/mock.go:26.55,30.2 3 0
github.com/ereminiu/filmoteka/internal/db/mocks/mock.go:33.53,35.2 1 0
github.com/ereminiu/filmoteka/internal/db/mocks/mock.go:38.65,43.2 4 0
github.com/ereminiu/filmoteka/internal/db/mocks/mock.go:46.93,49.2 2 0
github.com/ereminiu/filmoteka/internal/db/mocks/mock.go:52.76,57.2 4 0
github.com/ereminiu/filmoteka/internal/db/mocks/mock.go:60.97,63.2 2 0
github.com/ereminiu/filmoteka/internal/db/mocks/mock.go:66.104,72.2 5 0
github.com/ereminiu/filmoteka/internal/db/mocks/mock.go:75.112,78.2 2 0
github.com/ereminiu/filmoteka/internal/db/mocks/mock.go:81.63,86.2 4 0
github.com/ereminiu/filmoteka/internal/db/mocks/mock.go:89.87,92.2 2 0
github.com/ereminiu/filmoteka/internal/db/mocks/mock.go:95.52,100.2 4 0
github.com/ereminiu/filmoteka/internal/db/mocks/mock.go:103.80,106.2 2 0
github.com/ereminiu/filmoteka/internal/db/mocks/mock.go:109.83,115.2 5 0
github.com/ereminiu/filmoteka/internal/db/mocks/mock.go:118.80,121.2 2 0
github.com/ereminiu/filmoteka/internal/db/mocks/mock.go:124.91,130.2 5 0
github.com/ereminiu/filmoteka/internal/db/mocks/mock.go:133.98,136.2 2 0
github.com/ereminiu/filmoteka/internal/db/mocks/mock.go:139.82,145.2 5 0
github.com/ereminiu/filmoteka/internal/db/mocks/mock.go:148.89,151.2 2 0
github.com/ereminiu/filmoteka/internal/db/mocks/mock.go:165.55,169.2 3 0
github.com/ereminiu/filmoteka/internal/db/mocks/mock.go:172.53,174.2 1 0
github.com/ereminiu/filmoteka/internal/db/mocks/mock.go:177.63,182.2 4 0
github.com/ereminiu/filmoteka/internal/db/mocks/mock.go:185.88,188.2 2 0
github.com/ereminiu/filmoteka/internal/db/mocks/mock.go:191.77,197.2 5 0
github.com/ereminiu/filmoteka/internal/db/mocks/mock.go:200.95,203.2 2 0
github.com/ereminiu/filmoteka/internal/db/mocks/mock.go:206.52,211.2 4 0
github.com/ereminiu/filmoteka/internal/db/mocks/mock.go:214.80,217.2 2 0
github.com/ereminiu/filmoteka/internal/db/mocks/mock.go:220.53,225.2 4 0
github.com/ereminiu/filmoteka/internal/db/mocks/mock.go:228.78,231.2 2 0
github.com/ereminiu/filmoteka/internal/db/mocks/mock.go:234.70,240.2 5 0
github.com/ereminiu/filmoteka/internal/db/mocks/mock.go:243.62,246.2 2 0
github.com/ereminiu/filmoteka/internal/db/mocks/mock.go:260.71,264.2 3 0
github.com/ereminiu/filmoteka/internal/db/mocks/mock.go:267.69,269.2 1 0
github.com/ereminiu/filmoteka/internal/db/mocks/mock.go:272.90,278.2 5 0
github.com/ereminiu/filmoteka/internal/db/mocks/mock.go:281.108,284.2 2 0
github.com/ereminiu/filmoteka/internal/db/mocks/mock.go:287.81,293.2 5 0
github.com/ereminiu/filmoteka/internal/db/mocks/mock.go:296.99,299.2 2 0
github.com/ereminiu/filmoteka/internal/db/repositories/actor.go:13.54,17.2 1 1
github.com/ereminiu/filmoteka/internal/db/repositories/actor.go:31.72,48.16 3 1
github.com/ereminiu/filmoteka/internal/db/repositories/actor.go:48.16,50.3 1 0
github.com/ereminiu/filmoteka/internal/db/repositories/actor.go:51.2,52.16 2 1
github.com/ereminiu/filmoteka/internal/db/repositories/actor.go:52.16,55.3 2 0
github.com/ereminiu/filmoteka/internal/db/repositories/actor.go:56.2,57.18 2 1
github.com/ereminiu/filmoteka/internal/db/repositories/actor.go:57.18,60.107 2 1
github.com/ereminiu/filmoteka/internal/db/repositories/actor.go:60.107,63.4 2 0
github.com/ereminiu/filmoteka/internal/db/repositories/actor.go:64.3,68.63 3 1
github.com/ereminiu/filmoteka/internal/db/repositories/actor.go:71.2,72.44 2 1
github.com/ereminiu/filmoteka/internal/db/repositories/actor.go:72.44,74.3 1 1
github.com/ereminiu/filmoteka/internal/db/repositories/actor.go:76.2,76.28 1 1
github.com/ereminiu/filmoteka/internal/db/repositories/actor.go:79.84,82.16 3 1
github.com/ereminiu/filmoteka/internal/db/repositories/actor.go:82.16,84.3 1 0
github.com/ereminiu/filmoteka/internal/db/repositories/actor.go:86.2,89.16 4 1
github.com/ereminiu/filmoteka/internal/db/repositories/actor.go:89.16,90.36 1 0
github.com/ereminiu/filmoteka/internal/db/repositories/actor.go:90.36,92.18 2 0
github.com/ereminiu/filmoteka/internal/db/repositories/actor.go:92.18,95.5 2 0
github.com/ereminiu/filmoteka/internal/db/repositories/actor.go:96.4,96.31 1 0
github.com/ereminiu/filmoteka/internal/db/repositories/actor.go:98.3,99.17 2 0
github.com/ereminiu/filmoteka/internal/db/repositories/actor.go:101.2,101.29 1 1
github.com/ereminiu/filmoteka/internal/db/repositories/actor.go:104.95,109.16 5 0
github.com/ereminiu/filmoteka/internal/db/repositories/actor.go:109.16,112.3 2 0
github.com/ereminiu/filmoteka/internal/db/repositories/actor.go:113.2,113.21 1 0
github.com/ereminiu/filmoteka/internal/db/repositories/actor.go:116.70,118.2 1 0
github.com/ereminiu/filmoteka/internal/db/repositories/actor.go:120.60,122.2 1 0
github.com/ereminiu/filmoteka/internal/db/repositories/actor.go:124.59,126.16 2 0
github.com/ereminiu/filmoteka/internal/db/repositories/actor.go:126.16,128.3 1 0
github.com/ereminiu/filmoteka/internal/db/repositories/actor.go:129.2,130.16 2 0
github.com/ereminiu/filmoteka/internal/db/repositories/actor.go:130.16,133.3 2 0
github.com/ereminiu/filmoteka/internal/db/repositories/actor.go:134.2,138.16 3 0
github.com/ereminiu/filmoteka/internal/db/repositories/actor.go:138.16,141.3 2 0
github.com/ereminiu/filmoteka/internal/db/repositories/actor.go:142.2,142.20 1 0
github.com/ereminiu/filmoteka/internal/db/repositories/actor.go:145.87,155.16 3 0
github.com/ereminiu/filmoteka/internal/db/repositories/actor.go:155.16,158.3 2 0
github.com/ereminiu/filmoteka/internal/db/repositories/actor.go:159.2,160.18 2 0
github.com/ereminiu/filmoteka/internal/db/repositories/actor.go:160.18,163.17 3 0
github.com/ereminiu/filmoteka/internal/db/repositories/actor.go:163.17,166.4 2 0
github.com/ereminiu/filmoteka/internal/db/repositories/actor.go:167.3,167.39 1 0
github.com/ereminiu/filmoteka/internal/db/repositories/actor.go:169.2,169.22 1 0
github.com/ereminiu/filmoteka/internal/db/repositories/actor.go:172.81,174.16 2 0
github.com/ereminiu/filmoteka/internal/db/repositories/actor.go:174.16,176.3 1 0
github.com/ereminiu/filmoteka/internal/db/repositories/actor.go:177.2,177.37 1 0
github.com/ereminiu/filmoteka/internal/db/repositories/actor.go:177.37,181.17 4 0
github.com/ereminiu/filmoteka/internal/db/repositories/actor.go:181.17,184.4 2 0
github.com/ereminiu/filmoteka/internal/db/repositories/actor.go:186.2,186.12 1 0
github.com/ereminiu/filmoteka/internal/db/repositories/auth.go:9.52,13.2 1 0
github.com/ereminiu/filmoteka/internal/db/repositories/auth.go:15.79,18.16 3 0
github.com/ereminiu/filmoteka/internal/db/repositories/auth.go:18.16,20.3 1 0
github.com/ereminiu/filmoteka/internal/db/repositories/auth.go:21.2,23.42 3 0
github.com/ereminiu/filmoteka/internal/db/repositories/auth.go:23.42,26.3 2 0
github.com/ereminiu/filmoteka/internal/db/repositories/auth.go:27.2,27.28 1 0
github.com/ereminiu/filmoteka/internal/db/repositories/auth.go:30.88,33.16 3 0
github.com/ereminiu/filmoteka/internal/db/repositories/auth.go:33.16,35.3 1 0
github.com/ereminiu/filmoteka/internal/db/repositories/auth.go:36.2,38.42 3 0
github.com/ereminiu/filmoteka/internal/db/repositories/auth.go:38.42,41.3 2 0
github.com/ereminiu/filmoteka/internal/db/repositories/auth.go:42.2,42.28 1 0
github.com/ereminiu/filmoteka/internal/db/repositories/movie.go:14.54,18.2 1 0
github.com/ereminiu/filmoteka/internal/db/repositories/movie.go:32.85,51.16 3 0
github.com/ereminiu/filmoteka/internal/db/repositories/movie.go:51.16,53.3 1 0
github.com/ereminiu/filmoteka/internal/db/repositories/movie.go:54.2,55.16 2 0
github.com/ereminiu/filmoteka/internal/db/repositories/movie.go:55.16,58.3 2 0
github.com/ereminiu/filmoteka/internal/db/repositories/movie.go:59.2,60.18 2 0
github.com/ereminiu/filmoteka/internal/db/repositories/movie.go:60.18,63.125 2 0
github.com/ereminiu/filmoteka/internal/db/repositories/movie.go:63.125,66.4 2 0
github.com/ereminiu/filmoteka/internal/db/repositories/movie.go:67.3,71.61 3 0
github.com/ereminiu/filmoteka/internal/db/repositories/movie.go:74.2,75.43 2 0
github.com/ereminiu/filmoteka/internal/db/repositories/movie.go:75.43,77.3 1 0
github.com/ereminiu/filmoteka/internal/db/repositories/movie.go:79.2,79.28 1 0
github.com/ereminiu/filmoteka/internal/db/repositories/movie.go:82.111,85.16 3 0
github.com/ereminiu/filmoteka/internal/db/repositories/movie.go:85.16,87.3 1 0
github.com/ereminiu/filmoteka/internal/db/repositories/movie.go:88.2,90.42 3 0
github.com/ereminiu/filmoteka/internal/db/repositories/movie.go:90.42,93.3 2 0
github.com/ereminiu/filmoteka/internal/db/repositories/movie.go:95.2,96.16 2 0
github.com/ereminiu/filmoteka/internal/db/repositories/movie.go:96.16,99.3 2 0
github.com/ereminiu/filmoteka/internal/db/repositories/movie.go:101.2,101.29 1 0
github.com/ereminiu/filmoteka/internal/db/repositories/movie.go:105.92,106.37 1 0
github.com/ereminiu/filmoteka/internal/db/repositories/movie.go:106.37,110.17 4 0
github.com/ereminiu/filmoteka/internal/db/repositories/movie.go:110.17,113.4 2 0
github.com/ereminiu/filmoteka/internal/db/repositories/movie.go:115.2,115.12 1 0
github.com/ereminiu/filmoteka/internal/db/repositories/movie.go:118.83,121.16 3 0
github.com/ereminiu/filmoteka/internal/db/repositories/movie.go:121.16,123.3 1 0
github.com/ereminiu/filmoteka/internal/db/repositories/movie.go:124.2,125.16 2 0
github.com/ereminiu/filmoteka/internal/db/repositories/movie.go:125.16,128.3 2 0
github.com/ereminiu/filmoteka/internal/db/repositories/movie.go:129.2,129.20 1 0
github.com/ereminiu/filmoteka/internal/db/repositories/movie.go:132.70,133.22 1 0
github.com/ereminiu/filmoteka/internal/db/repositories/movie.go:134.11,138.17 2 0
github.com/ereminiu/filmoteka/internal/db/repositories/movie.go:138.17,140.4 1 0
github.com/ereminiu/filmoteka/internal/db/repositories/movie.go:141.3,143.17 3 0
github.com/ereminiu/filmoteka/internal/db/repositories/movie.go:143.17,145.4 1 0
github.com/ereminiu/filmoteka/internal/db/repositories/movie.go:146.3,146.21 1 0
github.com/ereminiu/filmoteka/internal/db/repositories/movie.go:147.14,150.18 3 0
github.com/ereminiu/filmoteka/internal/db/repositories/movie.go:150.18,152.4 1 0
github.com/ereminiu/filmoteka/internal/db/repositories/movie.go:152.9,152.25 1 0
github.com/ereminiu/filmoteka/internal/db/repositories/movie.go:152.25,154.4 1 0
github.com/ereminiu/filmoteka/internal/db/repositories/movie.go:155.3,155.48 1 0
github.com/ereminiu/filmoteka/internal/db/repositories/movie.go:156.10,157.42 1 0
github.com/ereminiu/filmoteka/internal/db/repositories/movie.go:161.89,166.16 3 0
github.com/ereminiu/filmoteka/internal/db/repositories/movie.go:166.16,169.3 2 0
github.com/ereminiu/filmoteka/internal/db/repositories/movie.go:170.2,170.12 1 0
github.com/ereminiu/filmoteka/internal/db/repositories/movie.go:173.59,176.16 2 0
github.com/ereminiu/filmoteka/internal/db/repositories/movie.go:176.16,178.3 1 0
github.com/ereminiu/filmoteka/internal/db/repositories/movie.go:179.2,180.16 2 0
github.com/ereminiu/filmoteka/internal/db/repositories/movie.go:180.16,183.3 2 0
github.com/ereminiu/filmoteka/internal/db/repositories/movie.go:184.2,184.37 1 0
github.com/ereminiu/filmoteka/internal/db/repositories/movie.go:184.37,191.17 4 0
github.com/ereminiu/filmoteka/internal/db/repositories/movie.go:191.17,194.4 2 0
github.com/ereminiu/filmoteka/internal/db/repositories/movie.go:196.2,201.16 3 0
github.com/ereminiu/filmoteka/internal/db/repositories/movie.go:201.16,204.3 2 0
github.com/ereminiu/filmoteka/internal/db/repositories/movie.go:205.2,205.20 1 0
github.com/ereminiu/filmoteka/internal/db/repositories/movie.go:208.87,218.16 3 0
github.com/ereminiu/filmoteka/internal/db/repositories/movie.go:218.16,221.3 2 0
github.com/ereminiu/filmoteka/internal/db/repositories/movie.go:222.2,223.18 2 0
github.com/ereminiu/filmoteka/internal/db/repositories/movie.go:223.18,225.40 2 0
github.com/ereminiu/filmoteka/internal/db/repositories/movie.go:225.40,228.4 2 0
github.com/ereminiu/filmoteka/internal/db/repositories/movie.go:229.3,229.24 1 0
github.com/ereminiu/filmoteka/internal/db/repositories/movie.go:231.2,231.17 1 0
github.com/ereminiu/filmoteka/internal/db/repositories/movie.go:234.72,237.16 3 0
github.com/ereminiu/filmoteka/internal/db/repositories/movie.go:237.16,239.3 1 0
github.com/ereminiu/filmoteka/internal/db/repositories/movie.go:240.2,241.16 2 0
github.com/ereminiu/filmoteka/internal/db/repositories/movie.go:241.16,244.3 2 0
github.com/ereminiu/filmoteka/internal/db/repositories/movie.go:245.2,245.20 1 0
github.com/ereminiu/filmoteka/internal/db/repositories/movie.go:248.84,250.2 1 0
github.com/ereminiu/filmoteka/internal/db/repositories/movie.go:252.93,254.2 1 0
github.com/ereminiu/filmoteka/internal/models/actor_with_movies.go:11.70,19.2 1 1
github.com/ereminiu/filmoteka/internal/models/movie_with_actors.go:12.70,21.2 1 0
github.com/ereminiu/filmoteka/internal/models/actor_with_movies.go:11.70,19.2 1 0
github.com/ereminiu/filmoteka/internal/models/movie_with_actors.go:12.70,21.2 1 0
github.com/ereminiu/filmoteka/internal/app/app.go:16.36,24.16 4 0
github.com/ereminiu/filmoteka/internal/app/app.go:24.16,27.3 2 0
github.com/ereminiu/filmoteka/internal/app/app.go:29.2,29.40 1 0
github.com/ereminiu/filmoteka/internal/app/app.go:29.40,32.3 2 0
github.com/ereminiu/filmoteka/internal/app/app.go:34.2,36.22 2 0
github.com/ereminiu/filmoteka/internal/app/app.go:39.20,41.2 1 0
github.com/ereminiu/filmoteka/internal/app/app.go:43.39,53.2 3 0
github.com/ereminiu/filmoteka/internal/app/app.go:56.12,61.16 3 0
github.com/ereminiu/filmoteka/internal/app/app.go:61.16,63.3 1 0
github.com/ereminiu/filmoteka/internal/app/app.go:66.2,71.19 3 0
github.com/ereminiu/filmoteka/internal/app/route.go:13.55,44.2 21 0
github.com/ereminiu/filmoteka/internal/app/route.go:60.61,63.47 3 0
github.com/ereminiu/filmoteka/internal/app/route.go:63.47,67.3 3 0
github.com/ereminiu/filmoteka/internal/app/route.go:69.2,71.16 3 0
github.com/ereminiu/filmoteka/internal/app/route.go:71.16,75.3 3 0
github.com/ereminiu/filmoteka/internal/app/route.go:77.2,79.23 3 0
github.com/ereminiu/filmoteka/internal/app/route.go:82.53,83.2 0 0
github.com/ereminiu/filmoteka/internal/config/config.go:24.48,26.20 2 0
github.com/ereminiu/filmoteka/internal/config/config.go:26.20,28.3 1 0
github.com/ereminiu/filmoteka/internal/config/config.go:28.8,28.27 1 0
github.com/ereminiu/filmoteka/internal/config/config.go:28.27,30.3 1 0
github.com/ereminiu/filmoteka/internal/config/config.go:30.8,32.3 1 0
github.com/ereminiu/filmoteka/internal/config/config.go:33.2,34.16 2 0
github.com/ereminiu/filmoteka/internal/config/config.go:34.16,36.3 1 0
github.com/ereminiu/filmoteka/internal/config/config.go:37.2,39.16 3 0
github.com/ereminiu/filmoteka/internal/config/config.go:39.16,41.3 1 0
github.com/ereminiu/filmoteka/internal/config/config.go:42.2,42.18 1 0
github.com/ereminiu/filmoteka/internal/controller/actor.go:16.46,18.2 1 1
github.com/ereminiu/filmoteka/internal/controller/actor.go:20.73,24.47 3 1
github.com/ereminiu/filmoteka/internal/controller/actor.go:24.47,28.3 3 1
github.com/ereminiu/filmoteka/internal/controller/actor.go:29.2,32.16 3 1
github.com/ereminiu/filmoteka/internal/controller/actor.go:32.16,36.3 3 1
github.com/ereminiu/filmoteka/internal/controller/actor.go:38.2,47.16 3 1
github.com/ereminiu/filmoteka/internal/controller/actor.go:47.16,51.3 3 0
github.com/ereminiu/filmoteka/internal/controller/actor.go:53.2,55.23 3 1
github.com/ereminiu/filmoteka/internal/controller/actor.go:62.76,66.47 3 1
github.com/ereminiu/filmoteka/internal/controller/actor.go:66.47,70.3 3 0
github.com/ereminiu/filmoteka/internal/controller/actor.go:71.2,74.16 3 1
github.com/ereminiu/filmoteka/internal/controller/actor.go:74.16,78.3 3 1
github.com/ereminiu/filmoteka/internal/controller/actor.go:80.2,87.16 3 1
github.com/ereminiu/filmoteka/internal/controller/actor.go:87.16,91.3 3 0
github.com/ereminiu/filmoteka/internal/controller/actor.go:93.2,95.23 3 1
github.com/ereminiu/filmoteka/internal/controller/actor.go:98.77,100.16 2 1
github.com/ereminiu/filmoteka/internal/controller/actor.go:100.16,104.3 3 0
github.com/ereminiu/filmoteka/internal/controller/actor.go:106.2,107.16 2 1
github.com/ereminiu/filmoteka/internal/controller/actor.go:107.16,111.3 3 0
github.com/ereminiu/filmoteka/internal/controller/actor.go:113.2,115.23 3 1
github.com/ereminiu/filmoteka/internal/controller/auth.go:22.52,24.2 1 1
github.com/ereminiu/filmoteka/internal/controller/auth.go:34.77,38.47 3 1
github.com/ereminiu/filmoteka/internal/controller/auth.go:38.47,42.3 3 0
github.com/ereminiu/filmoteka/internal/controller/auth.go:43.2,47.16 4 1
github.com/ereminiu/filmoteka/internal/controller/auth.go:47.16,51.3 3 1
github.com/ereminiu/filmoteka/internal/controller/auth.go:53.2,55.16 3 1
github.com/ereminiu/filmoteka/internal/controller/auth.go:55.16,59.3 3 0
github.com/ereminiu/filmoteka/internal/controller/auth.go:61.2,64.16 2 1
github.com/ereminiu/filmoteka/internal/controller/auth.go:64.16,68.3 3 0
github.com/ereminiu/filmoteka/internal/controller/auth.go:70.2,72.23 3 1
github.com/ereminiu/filmoteka/internal/controller/auth.go:75.74,79.47 3 1
github.com/ereminiu/filmoteka/internal/controller/auth.go:79.47,83.3 3 0
github.com/ereminiu/filmoteka/internal/controller/auth.go:84.2,88.16 4 1
github.com/ereminiu/filmoteka/internal/controller/auth.go:88.16,92.3 3 1
github.com/ereminiu/filmoteka/internal/controller/auth.go:94.2,103.16 3 1
github.com/ereminiu/filmoteka/internal/controller/auth.go:103.16,107.3 3 0
github.com/ereminiu/filmoteka/internal/controller/auth.go:109.2,111.23 3 1
github.com/ereminiu/filmoteka/internal/controller/auth.go:114.76,115.54 1 0
github.com/ereminiu/filmoteka/internal/controller/auth.go:115.54,117.19 2 0
github.com/ereminiu/filmoteka/internal/controller/auth.go:117.19,120.4 2 0
github.com/ereminiu/filmoteka/internal/controller/auth.go:122.3,123.28 2 0
github.com/ereminiu/filmoteka/internal/controller/auth.go:123.28,126.4 2 0
github.com/ereminiu/filmoteka/internal/controller/auth.go:128.3,129.17 2 0
github.com/ereminiu/filmoteka/internal/controller/auth.go:129.17,132.4 2 0
github.com/ereminiu/filmoteka/internal/controller/auth.go:133.3,133.26 1 0
github.com/ereminiu/filmoteka/internal/controller/auth.go:133.26,136.4 2 0
github.com/ereminiu/filmoteka/internal/controller/auth.go:138.3,143.13 5 0
github.com/ereminiu/filmoteka/internal/controller/movie.go:16.46,18.2 1 1
github.com/ereminiu/filmoteka/internal/controller/movie.go:28.73,32.47 3 1
github.com/ereminiu/filmoteka/internal/controller/movie.go:32.47,36.3 3 0
github.com/ereminiu/filmoteka/internal/controller/movie.go:37.2,40.16 3 1
github.com/ereminiu/filmoteka/internal/controller/movie.go:40.16,44.3 3 1
github.com/ereminiu/filmoteka/internal/controller/movie.go:46.2,55.16 3 1
github.com/ereminiu/filmoteka/internal/controller/movie.go:55.16,59.3 3 0
github.com/ereminiu/filmoteka/internal/controller/movie.go:61.2,63.23 3 1
github.com/ereminiu/filmoteka/internal/controller/movie.go:70.77,74.47 3 1
github.com/ereminiu/filmoteka/internal/controller/movie.go:74.47,78.3 3 0
github.com/ereminiu/filmoteka/internal/controller/movie.go:79.2,82.16 3 1
github.com/ereminiu/filmoteka/internal/controller/movie.go:82.16,86.3 3 1
github.com/ereminiu/filmoteka/internal/controller/movie.go:88.2,89.16 2 1
github.com/ereminiu/filmoteka/internal/controller/movie.go:89.16,93.3 3 0
github.com/ereminiu/filmoteka/internal/controller/movie.go:95.2,97.23 3 1
github.com/ereminiu/filmoteka/internal/controller/movie.go:106.76,110.47 3 0
github.com/ereminiu/filmoteka/internal/controller/movie.go:110.47,114.3 3 0
github.com/ereminiu/filmoteka/internal/controller/movie.go:115.2,118.16 3 0
github.com/ereminiu/filmoteka/internal/controller/movie.go:118.16,122.3 3 0
github.com/ereminiu/filmoteka/internal/controller/movie.go:124.2,131.16 3 0
github.com/ereminiu/filmoteka/internal/controller/movie.go:131.16,135.3 3 0
github.com/ereminiu/filmoteka/internal/controller/movie.go:137.2,139.23 3 0
github.com/ereminiu/filmoteka/internal/controller/movie.go:146.76,150.47 3 0
github.com/ereminiu/filmoteka/internal/controller/movie.go:150.47,154.3 3 0
github.com/ereminiu/filmoteka/internal/controller/movie.go:155.2,158.16 3 0
github.com/ereminiu/filmoteka/internal/controller/movie.go:158.16,162.3 3 0
github.com/ereminiu/filmoteka/internal/controller/movie.go:164.2,171.16 3 0
github.com/ereminiu/filmoteka/internal/controller/movie.go:171.16,175.3 3 0
github.com/ereminiu/filmoteka/internal/controller/movie.go:177.2,179.23 3 0
github.com/ereminiu/filmoteka/internal/controller/movie.go:188.76,192.47 3 0
github.com/ereminiu/filmoteka/internal/controller/movie.go:192.47,196.3 3 0
github.com/ereminiu/filmoteka/internal/controller/movie.go:197.2,200.31 3 0
github.com/ereminiu/filmoteka/internal/controller/movie.go:200.31,202.3 1 0
github.com/ereminiu/filmoteka/internal/controller/movie.go:202.8,204.3 1 0
github.com/ereminiu/filmoteka/internal/controller/movie.go:206.2,207.16 2 0
github.com/ereminiu/filmoteka/internal/controller/movie.go:207.16,211.3 3 0
github.com/ereminiu/filmoteka/internal/controller/movie.go:213.2,220.16 3 0
github.com/ereminiu/filmoteka/internal/controller/movie.go:220.16,224.3 3 0
github.com/ereminiu/filmoteka/internal/controller/movie.go:226.2,228.23 3 0
github.com/ereminiu/filmoteka/internal/controller/movie.go:236.80,240.47 3 0
github.com/ereminiu/filmoteka/internal/controller/movie.go:240.47,244.3 3 0
github.com/ereminiu/filmoteka/internal/controller/movie.go:245.2,248.16 3 0
github.com/ereminiu/filmoteka/internal/controller/movie.go:248.16,252.3 3 0
github.com/ereminiu/filmoteka/internal/controller/movie.go:254.2,261.16 3 0
github.com/ereminiu/filmoteka/internal/controller/movie.go:261.16,265.3 3 0
github.com/ereminiu/filmoteka/internal/controller/movie.go:267.2,269.23 3 0
github.com/ereminiu/filmoteka/internal/controller/rev.go:3.38,5.34 2 0
github.com/ereminiu/filmoteka/internal/controller/rev.go:5.34,7.3 1 0
github.com/ereminiu/filmoteka/internal/controller/rev.go:8.2,8.20 1 0
github.com/ereminiu/filmoteka/internal/controller/lib/lib.go:15.51,20.2 3 1
github.com/ereminiu/filmoteka/internal/controller/lib/lib.go:28.65,38.2 2 1
github.com/ereminiu/filmoteka/internal/controller/lib/lib.go:40.57,41.108 1 0
github.com/ereminiu/filmoteka/internal/controller/lib/lib.go:41.108,42.58 1 0
github.com/ereminiu/filmoteka/internal/controller/lib/lib.go:42.58,44.4 1 0
github.com/ereminiu/filmoteka/internal/controller/lib/lib.go:45.3,45.35 1 0
github.com/ereminiu/filmoteka/internal/controller/lib/lib.go:47.2,47.16 1 0
github.com/ereminiu/filmoteka/internal/controller/lib/lib.go:47.16,49.3 1 0
github.com/ereminiu/filmoteka/internal/controller/lib/lib.go:50.2,51.9 2 0
github.com/ereminiu/filmoteka/internal/controller/lib/lib.go:51.9,53.3 1 0
github.com/ereminiu/filmoteka/internal/controller/lib/lib.go:54.2,54.44 1 0
github.com/ereminiu/filmoteka/internal/controller/lib/lib.go:57.44,58.43 1 1
github.com/ereminiu/filmoteka/internal/controller/lib/lib.go:58.43,60.3 1 1
github.com/ereminiu/filmoteka/internal/controller/lib/lib.go:61.2,61.15 1 0
github.com/ereminiu/filmoteka/internal/db/repositories.go:41.48,47.2 1 0
github.com/ereminiu/filmoteka/internal/db/mocks/mock.go:26.55,30.2 3 1
github.com/ereminiu/filmoteka/internal/db/mocks/mock.go:33.53,35.2 1 1
github.com/ereminiu/filmoteka/internal/db/mocks/mock.go:38.65,43.2 4 0
github.com/ereminiu/filmoteka/internal/db/mocks/mock.go:46.93,49.2 2 0
github.com/ereminiu/filmoteka/internal/db/mocks/mock.go:52.76,57.2 4 0
github.com/ereminiu/filmoteka/internal/db/mocks/mock.go:60.97,63.2 2 0
github.com/ereminiu/filmoteka/internal/db/mocks/mock.go:66.104,72.2 5 1
github.com/ereminiu/filmoteka/internal/db/mocks/mock.go:75.112,78.2 2 1
github.com/ereminiu/filmoteka/internal/db/mocks/mock.go:81.63,86.2 4 0
github.com/ereminiu/filmoteka/internal/db/mocks/mock.go:89.87,92.2 2 0
github.com/ereminiu/filmoteka/internal/db/mocks/mock.go:95.52,100.2 4 0
github.com/ereminiu/filmoteka/internal/db/mocks/mock.go:103.80,106.2 2 0
github.com/ereminiu/filmoteka/internal/db/mocks/mock.go:109.83,115.2 5 1
github.com/ereminiu/filmoteka/internal/db/mocks/mock.go:118.80,121.2 2 1
github.com/ereminiu/filmoteka/internal/db/mocks/mock.go:124.91,130.2 5 0
github.com/ereminiu/filmoteka/internal/db/mocks/mock.go:133.98,136.2 2 0
github.com/ereminiu/filmoteka/internal/db/mocks/mock.go:139.82,145.2 5 0
github.com/ereminiu/filmoteka/internal/db/mocks/mock.go:148.89,151.2 2 0
github.com/ereminiu/filmoteka/internal/db/mocks/mock.go:165.55,169.2 3 1
github.com/ereminiu/filmoteka/internal/db/mocks/mock.go:172.53,174.2 1 1
github.com/ereminiu/filmoteka/internal/db/mocks/mock.go:177.63,182.2 4 0
github.com/ereminiu/filmoteka/internal/db/mocks/mock.go:185.88,188.2 2 0
github.com/ereminiu/filmoteka/internal/db/mocks/mock.go:191.77,197.2 5 1
github.com/ereminiu/filmoteka/internal/db/mocks/mock.go:200.95,203.2 2 1
github.com/ereminiu/filmoteka/internal/db/mocks/mock.go:206.52,211.2 4 1
github.com/ereminiu/filmoteka/internal/db/mocks/mock.go:214.80,217.2 2 1
github.com/ereminiu/filmoteka/internal/db/mocks/mock.go:220.53,225.2 4 0
github.com/ereminiu/filmoteka/internal/db/mocks/mock.go:228.78,231.2 2 0
github.com/ereminiu/filmoteka/internal/db/mocks/mock.go:234.70,240.2 5 1
github.com/ereminiu/filmoteka/internal/db/mocks/mock.go:243.62,246.2 2 1
github.com/ereminiu/filmoteka/internal/db/mocks/mock.go:260.71,264.2 3 1
github.com/ereminiu/filmoteka/internal/db/mocks/mock.go:267.69,269.2 1 1
github.com/ereminiu/filmoteka/internal/db/mocks/mock.go:272.90,278.2 5 1
github.com/ereminiu/filmoteka/internal/db/mocks/mock.go:281.108,284.2 2 1
github.com/ereminiu/filmoteka/internal/db/mocks/mock.go:287.81,293.2 5 1
github.com/ereminiu/filmoteka/internal/db/mocks/mock.go:296.99,299.2 2 1
github.com/ereminiu/filmoteka/internal/db/repositories/actor.go:13.54,17.2 1 0
github.com/ereminiu/filmoteka/internal/db/repositories/actor.go:31.72,48.16 3 0
github.com/ereminiu/filmoteka/internal/db/repositories/actor.go:48.16,50.3 1 0
github.com/ereminiu/filmoteka/internal/db/repositories/actor.go:51.2,52.16 2 0
github.com/ereminiu/filmoteka/internal/db/repositories/actor.go:52.16,55.3 2 0
github.com/ereminiu/filmoteka/internal/db/repositories/actor.go:56.2,57.18 2 0
github.com/ereminiu/filmoteka/internal/db/repositories/actor.go:57.18,60.107 2 0
github.com/ereminiu/filmoteka/internal/db/repositories/actor.go:60.107,63.4 2 0
github.com/ereminiu/filmoteka/internal/db/repositories/actor.go:64.3,68.63 3 0
github.com/ereminiu/filmoteka/internal/db/repositories/actor.go:71.2,72.44 2 0
github.com/ereminiu/filmoteka/internal/db/repositories/actor.go:72.44,74.3 1 0
github.com/ereminiu/filmoteka/internal/db/repositories/actor.go:76.2,76.28 1 0
github.com/ereminiu/filmoteka/internal/db/repositories/actor.go:79.84,82.16 3 0
github.com/ereminiu/filmoteka/internal/db/repositories/actor.go:82.16,84.3 1 0
github.com/ereminiu/filmoteka/internal/db/repositories/actor.go:86.2,89.16 4 0
github.com/ereminiu/filmoteka/internal/db/repositories/actor.go:89.16,90.36 1 0
github.com/ereminiu/filmoteka/internal/db/repositories/actor.go:90.36,92.18 2 0
github.com/ereminiu/filmoteka/internal/db/repositories/actor.go:92.18,95.5 2 0
github.com/ereminiu/filmoteka/internal/db/repositories/actor.go:96.4,96.31 1 0
github.com/ereminiu/filmoteka/internal/db/repositories/actor.go:98.3,99.17 2 0
github.com/ereminiu/filmoteka/internal/db/repositories/actor.go:101.2,101.29 1 0
github.com/ereminiu/filmoteka/internal/db/repositories/actor.go:104.95,109.16 5 0
github.com/ereminiu/filmoteka/internal/db/repositories/actor.go:109.16,112.3 2 0
github.com/ereminiu/filmoteka/internal/db/repositories/actor.go:113.2,113.21 1 0
github.com/ereminiu/filmoteka/internal/db/repositories/actor.go:116.70,118.2 1 0
github.com/ereminiu/filmoteka/internal/db/repositories/actor.go:120.60,122.2 1 0
github.com/ereminiu/filmoteka/internal/db/repositories/actor.go:124.59,126.16 2 0
github.com/ereminiu/filmoteka/internal/db/repositories/actor.go:126.16,128.3 1 0
github.com/ereminiu/filmoteka/internal/db/repositories/actor.go:129.2,130.16 2 0
github.com/ereminiu/filmoteka/internal/db/repositories/actor.go:130.16,133.3 2 0
github.com/ereminiu/filmoteka/internal/db/repositories/actor.go:134.2,138.16 3 0
github.com/ereminiu/filmoteka/internal/db/repositories/actor.go:138.16,141.3 2 0
github.com/ereminiu/filmoteka/internal/db/repositories/actor.go:142.2,142.20 1 0
github.com/ereminiu/filmoteka/internal/db/repositories/actor.go:145.87,155.16 3 0
github.com/ereminiu/filmoteka/internal/db/repositories/actor.go:155.16,158.3 2 0
github.com/ereminiu/filmoteka/internal/db/repositories/actor.go:159.2,160.18 2 0
github.com/ereminiu/filmoteka/internal/db/repositories/actor.go:160.18,163.17 3 0
github.com/ereminiu/filmoteka/internal/db/repositories/actor.go:163.17,166.4 2 0
github.com/ereminiu/filmoteka/internal/db/repositories/actor.go:167.3,167.39 1 0
github.com/ereminiu/filmoteka/internal/db/repositories/actor.go:169.2,169.22 1 0
github.com/ereminiu/filmoteka/internal/db/repositories/actor.go:172.81,174.16 2 0
github.com/ereminiu/filmoteka/internal/db/repositories/actor.go:174.16,176.3 1 0
github.com/ereminiu/filmoteka/internal/db/repositories/actor.go:177.2,177.37 1 0
github.com/ereminiu/filmoteka/internal/db/repositories/actor.go:177.37,181.17 4 0
github.com/ereminiu/filmoteka/internal/db/repositories/actor.go:181.17,184.4 2 0
github.com/ereminiu/filmoteka/internal/db/repositories/actor.go:186.2,186.12 1 0
github.com/ereminiu/filmoteka/internal/db/repositories/auth.go:9.52,13.2 1 0
github.com/ereminiu/filmoteka/internal/db/repositories/auth.go:15.79,18.16 3 0
github.com/ereminiu/filmoteka/internal/db/repositories/auth.go:18.16,20.3 1 0
github.com/ereminiu/filmoteka/internal/db/repositories/auth.go:21.2,23.42 3 0
github.com/ereminiu/filmoteka/internal/db/repositories/auth.go:23.42,26.3 2 0
github.com/ereminiu/filmoteka/internal/db/repositories/auth.go:27.2,27.28 1 0
github.com/ereminiu/filmoteka/internal/db/repositories/auth.go:30.88,33.16 3 0
github.com/ereminiu/filmoteka/internal/db/repositories/auth.go:33.16,35.3 1 0
github.com/ereminiu/filmoteka/internal/db/repositories/auth.go:36.2,38.42 3 0
github.com/ereminiu/filmoteka/internal/db/repositories/auth.go:38.42,41.3 2 0
github.com/ereminiu/filmoteka/internal/db/repositories/auth.go:42.2,42.28 1 0
github.com/ereminiu/filmoteka/internal/db/repositories/movie.go:14.54,18.2 1 0
github.com/ereminiu/filmoteka/internal/db/repositories/movie.go:32.85,51.16 3 0
github.com/ereminiu/filmoteka/internal/db/repositories/movie.go:51.16,53.3 1 0
github.com/ereminiu/filmoteka/internal/db/repositories/movie.go:54.2,55.16 2 0
github.com/ereminiu/filmoteka/internal/db/repositories/movie.go:55.16,58.3 2 0
github.com/ereminiu/filmoteka/internal/db/repositories/movie.go:59.2,60.18 2 0
github.com/ereminiu/filmoteka/internal/db/repositories/movie.go:60.18,63.125 2 0
github.com/ereminiu/filmoteka/internal/db/repositories/movie.go:63.125,66.4 2 0
github.com/ereminiu/filmoteka/internal/db/repositories/movie.go:67.3,71.61 3 0
github.com/ereminiu/filmoteka/internal/db/repositories/movie.go:74.2,75.43 2 0
github.com/ereminiu/filmoteka/internal/db/repositories/movie.go:75.43,77.3 1 0
github.com/ereminiu/filmoteka/internal/db/repositories/movie.go:79.2,79.28 1 0
github.com/ereminiu/filmoteka/internal/db/repositories/movie.go:82.111,85.16 3 0
github.com/ereminiu/filmoteka/internal/db/repositories/movie.go:85.16,87.3 1 0
github.com/ereminiu/filmoteka/internal/db/repositories/movie.go:88.2,90.42 3 0
github.com/ereminiu/filmoteka/internal/db/repositories/movie.go:90.42,93.3 2 0
github.com/ereminiu/filmoteka/internal/db/repositories/movie.go:95.2,96.16 2 0
github.com/ereminiu/filmoteka/internal/db/repositories/movie.go:96.16,99.3 2 0
github.com/ereminiu/filmoteka/internal/db/repositories/movie.go:101.2,101.29 1 0
github.com/ereminiu/filmoteka/internal/db/repositories/movie.go:105.92,106.37 1 0
github.com/ereminiu/filmoteka/internal/db/repositories/movie.go:106.37,110.17 4 0
github.com/ereminiu/filmoteka/internal/db/repositories/movie.go:110.17,113.4 2 0
github.com/ereminiu/filmoteka/internal/db/repositories/movie.go:115.2,115.12 1 0
github.com/ereminiu/filmoteka/internal/db/repositories/movie.go:118.83,121.16 3 0
github.com/ereminiu/filmoteka/internal/db/repositories/movie.go:121.16,123.3 1 0
github.com/ereminiu/filmoteka/internal/db/repositories/movie.go:124.2,125.16 2 0
github.com/ereminiu/filmoteka/internal/db/repositories/movie.go:125.16,128.3 2 0
github.com/ereminiu/filmoteka/internal/db/repositories/movie.go:129.2,129.20 1 0
github.com/ereminiu/filmoteka/internal/db/repositories/movie.go:132.70,133.22 1 0
github.com/ereminiu/filmoteka/internal/db/repositories/movie.go:134.11,138.17 2 0
github.com/ereminiu/filmoteka/internal/db/repositories/movie.go:138.17,140.4 1 0
github.com/ereminiu/filmoteka/internal/db/repositories/movie.go:141.3,143.17 3 0
github.com/ereminiu/filmoteka/internal/db/repositories/movie.go:143.17,145.4 1 0
github.com/ereminiu/filmoteka/internal/db/repositories/movie.go:146.3,146.21 1 0
github.com/ereminiu/filmoteka/internal/db/repositories/movie.go:147.14,150.18 3 0
github.com/ereminiu/filmoteka/internal/db/repositories/movie.go:150.18,152.4 1 0
github.com/ereminiu/filmoteka/internal/db/repositories/movie.go:152.9,152.25 1 0
github.com/ereminiu/filmoteka/internal/db/repositories/movie.go:152.25,154.4 1 0
github.com/ereminiu/filmoteka/internal/db/repositories/movie.go:155.3,155.48 1 0
github.com/ereminiu/filmoteka/internal/db/repositories/movie.go:156.10,157.42 1 0
github.com/ereminiu/filmoteka/internal/db/repositories/movie.go:161.89,166.16 3 0
github.com/ereminiu/filmoteka/internal/db/repositories/movie.go:166.16,169.3 2 0
github.com/ereminiu/filmoteka/internal/db/repositories/movie.go:170.2,170.12 1 0
github.com/ereminiu/filmoteka/internal/db/repositories/movie.go:173.59,176.16 2 0
github.com/ereminiu/filmoteka/internal/db/repositories/movie.go:176.16,178.3 1 0
github.com/ereminiu/filmoteka/internal/db/repositories/movie.go:179.2,180.16 2 0
github.com/ereminiu/filmoteka/internal/db/repositories/movie.go:180.16,183.3 2 0
github.com/ereminiu/filmoteka/internal/db/repositories/movie.go:184.2,184.37 1 0
github.com/ereminiu/filmoteka/internal/db/repositories/movie.go:184.37,191.17 4 0
github.com/ereminiu/filmoteka/internal/db/repositories/movie.go:191.17,194.4 2 0
github.com/ereminiu/filmoteka/internal/db/repositories/movie.go:196.2,201.16 3 0
github.com/ereminiu/filmoteka/internal/db/repositories/movie.go:201.16,204.3 2 0
github.com/ereminiu/filmoteka/internal/db/repositories/movie.go:205.2,205.20 1 0
github.com/ereminiu/filmoteka/internal/db/repositories/movie.go:208.87,218.16 3 0
github.com/ereminiu/filmoteka/internal/db/repositories/movie.go:218.16,221.3 2 0
github.com/ereminiu/filmoteka/internal/db/repositories/movie.go:222.2,223.18 2 0
github.com/ereminiu/filmoteka/internal/db/repositories/movie.go:223.18,225.40 2 0
github.com/ereminiu/filmoteka/internal/db/repositories/movie.go:225.40,228.4 2 0
github.com/ereminiu/filmoteka/internal/db/repositories/movie.go:229.3,229.24 1 0
github.com/ereminiu/filmoteka/internal/db/repositories/movie.go:231.2,231.17 1 0
github.com/ereminiu/filmoteka/internal/db/repositories/movie.go:234.72,237.16 3 0
github.com/ereminiu/filmoteka/internal/db/repositories/movie.go:237.16,239.3 1 0
github.com/ereminiu/filmoteka/internal/db/repositories/movie.go:240.2,241.16 2 0
github.com/ereminiu/filmoteka/internal/db/repositories/movie.go:241.16,244.3 2 0
github.com/ereminiu/filmoteka/internal/db/repositories/movie.go:245.2,245.20 1 0
github.com/ereminiu/filmoteka/internal/db/repositories/movie.go:248.84,250.2 1 0
github.com/ereminiu/filmoteka/internal/db/repositories/movie.go:252.93,254.2 1 0
github.com/ereminiu/filmoteka/internal/models/actor_with_movies.go:11.70,19.2 1 0
github.com/ereminiu/filmoteka/internal/models/movie_with_actors.go:12.70,21.2 1 0
